==24726== Memcheck, a memory error detector
==24726== Copyright (C) 2002-2022, and GNU GPL'd, by Julian Seward et al.
==24726== Using Valgrind-3.22.0-bd4db67b1d-20231031 and LibVEX; rerun with -h for copyright info
==24726== Command: ./minishell
==24726== Parent PID: 24725
==24726== 
--24726-- 
--24726-- Valgrind options:
--24726--    --leak-check=full
--24726--    --show-leak-kinds=all
--24726--    --track-origins=yes
--24726--    --verbose
--24726--    --log-file=valgrind_logs/complex_cd_pwd.log
--24726--    --suppressions=./readline.supp
--24726-- Contents of /proc/version:
--24726--   Linux version 6.14.0-27-generic (buildd@lcy02-amd64-120) (x86_64-linux-gnu-gcc-13 (Ubuntu 13.3.0-6ubuntu2~24.04) 13.3.0, GNU ld (GNU Binutils for Ubuntu) 2.42) #27~24.04.1-Ubuntu SMP PREEMPT_DYNAMIC Tue Jul 22 17:38:49 UTC 2
--24726-- 
--24726-- Arch and hwcaps: AMD64, LittleEndian, amd64-cx16-lzcnt-rdtscp-sse3-ssse3-avx-avx2-bmi-f16c-rdrand-rdseed
--24726-- Page sizes: currently 4096, max supported 4096
--24726-- Valgrind library directory: /usr/libexec/valgrind
--24726-- Reading syms from /home/wojti/Desktop/minishell- final- 2/minishell
--24726-- Reading syms from /usr/lib/x86_64-linux-gnu/ld-linux-x86-64.so.2
--24726--   Considering /usr/lib/debug/.build-id/28/1ac1521b4102509b1c7ac7004db7c1efb81796.debug ..
--24726--   .. build-id is valid
--24726-- Reading syms from /usr/libexec/valgrind/memcheck-amd64-linux
--24726--    object doesn't have a dynamic symbol table
--24726-- Scheduler: using generic scheduler lock implementation.
--24726-- Reading suppressions file: ./readline.supp
--24726-- Reading suppressions file: /usr/libexec/valgrind/default.supp
==24726== embedded gdbserver: reading from /tmp/vgdb-pipe-from-vgdb-to-24726-by-wojti-on-???
==24726== embedded gdbserver: writing to   /tmp/vgdb-pipe-to-vgdb-from-24726-by-wojti-on-???
==24726== embedded gdbserver: shared mem   /tmp/vgdb-pipe-shared-mem-vgdb-24726-by-wojti-on-???
==24726== 
==24726== TO CONTROL THIS PROCESS USING vgdb (which you probably
==24726== don't want to do, unless you know exactly what you're doing,
==24726== or are doing some strange experiment):
==24726==   /usr/bin/vgdb --pid=24726 ...command...
==24726== 
==24726== TO DEBUG THIS PROCESS USING GDB: start GDB like this
==24726==   /path/to/gdb ./minishell
==24726== and then give GDB the following command
==24726==   target remote | /usr/bin/vgdb --pid=24726
==24726== --pid is optional if only one valgrind process is running
==24726== 
--24726-- REDIR: 0x4028b00 (ld-linux-x86-64.so.2:strlen) redirected to 0x580c2e1a (???)
--24726-- REDIR: 0x40272b0 (ld-linux-x86-64.so.2:index) redirected to 0x580c2e34 (???)
--24726-- Reading syms from /usr/libexec/valgrind/vgpreload_core-amd64-linux.so
--24726-- Reading syms from /usr/libexec/valgrind/vgpreload_memcheck-amd64-linux.so
==24726== WARNING: new redirection conflicts with existing -- ignoring it
--24726--     old: 0x04028b00 (strlen              ) R-> (0000.0) 0x580c2e1a ???
--24726--     new: 0x04028b00 (strlen              ) R-> (2007.0) 0x0484f340 strlen
--24726-- REDIR: 0x40274e0 (ld-linux-x86-64.so.2:strcmp) redirected to 0x4850460 (strcmp)
--24726-- REDIR: 0x4026910 (ld-linux-x86-64.so.2:mempcpy) redirected to 0x4853cd0 (mempcpy)
--24726-- Reading syms from /usr/lib/x86_64-linux-gnu/libreadline.so.8.2
--24726-- Reading syms from /usr/lib/x86_64-linux-gnu/libtinfo.so.6.4
--24726-- Reading syms from /usr/lib/x86_64-linux-gnu/libncurses.so.6.4
--24726-- Reading syms from /usr/lib/x86_64-linux-gnu/libc.so.6
--24726--   Considering /usr/lib/debug/.build-id/28/2c2c16e7b6600b0b22ea0c99010d2795752b5f.debug ..
--24726--   .. build-id is valid
--24726-- REDIR: 0x4028ca0 (ld-linux-x86-64.so.2:strncmp) redirected to 0x484fc90 (strncmp)
--24726-- REDIR: 0x49d5050 (libc.so.6:strnlen) redirected to 0x483d1c0 (_vgnU_ifunc_wrapper)
--24726-- REDIR: 0x49d50e0 (libc.so.6:strpbrk) redirected to 0x483d1c0 (_vgnU_ifunc_wrapper)
--24726-- REDIR: 0x49d31a0 (libc.so.6:strcmp) redirected to 0x483d1c0 (_vgnU_ifunc_wrapper)
--24726-- REDIR: 0x49ec3b0 (libc.so.6:wcsnlen) redirected to 0x483d1c0 (_vgnU_ifunc_wrapper)
--24726-- REDIR: 0x49d2290 (libc.so.6:memset) redirected to 0x483d1c0 (_vgnU_ifunc_wrapper)
--24726-- REDIR: 0x49ebb20 (libc.so.6:wcslen) redirected to 0x483d1c0 (_vgnU_ifunc_wrapper)
--24726-- REDIR: 0x4a573c0 (libc.so.6:__memcpy_chk) redirected to 0x483d1c0 (_vgnU_ifunc_wrapper)
--24726-- REDIR: 0x49d2200 (libc.so.6:memrchr) redirected to 0x483d1c0 (_vgnU_ifunc_wrapper)
--24726-- REDIR: 0x49ec350 (libc.so.6:wcsncpy) redirected to 0x483d1c0 (_vgnU_ifunc_wrapper)
--24726-- REDIR: 0x49d1720 (libc.so.6:memcpy@@GLIBC_2.14) redirected to 0x483d1c0 (_vgnU_ifunc_wrapper)
--24726-- REDIR: 0x49ea8e0 (libc.so.6:wcschr) redirected to 0x483d1c0 (_vgnU_ifunc_wrapper)
--24726-- REDIR: 0x49d3090 (libc.so.6:index) redirected to 0x483d1c0 (_vgnU_ifunc_wrapper)
--24726-- REDIR: 0x49d5110 (libc.so.6:rindex) redirected to 0x483d1c0 (_vgnU_ifunc_wrapper)
--24726-- REDIR: 0x49ea990 (libc.so.6:wcscmp) redirected to 0x483d1c0 (_vgnU_ifunc_wrapper)
--24726-- REDIR: 0x49d24b0 (libc.so.6:stpncpy) redirected to 0x483d1c0 (_vgnU_ifunc_wrapper)
--24726-- REDIR: 0x49f8eb0 (libc.so.6:wmemchr) redirected to 0x483d1c0 (_vgnU_ifunc_wrapper)
--24726-- REDIR: 0x49d4ef0 (libc.so.6:strncmp) redirected to 0x483d1c0 (_vgnU_ifunc_wrapper)
--24726-- REDIR: 0x49d2510 (libc.so.6:strcasecmp) redirected to 0x483d1c0 (_vgnU_ifunc_wrapper)
--24726-- REDIR: 0x49d4310 (libc.so.6:strcspn) redirected to 0x483d1c0 (_vgnU_ifunc_wrapper)
--24726-- REDIR: 0x49eb8f0 (libc.so.6:wcscpy) redirected to 0x483d1c0 (_vgnU_ifunc_wrapper)
--24726-- REDIR: 0x49d3020 (libc.so.6:strcat) redirected to 0x483d1c0 (_vgnU_ifunc_wrapper)
--24726-- REDIR: 0x49d4df0 (libc.so.6:strncasecmp_l) redirected to 0x483d1c0 (_vgnU_ifunc_wrapper)
--24726-- REDIR: 0x49d3110 (libc.so.6:strchrnul) redirected to 0x483d1c0 (_vgnU_ifunc_wrapper)
--24726-- REDIR: 0x49d1630 (libc.so.6:bcmp) redirected to 0x483d1c0 (_vgnU_ifunc_wrapper)
--24726-- REDIR: 0x49d42a0 (libc.so.6:strcpy) redirected to 0x483d1c0 (_vgnU_ifunc_wrapper)
--24726-- REDIR: 0x49d25b0 (libc.so.6:strcasecmp_l) redirected to 0x483d1c0 (_vgnU_ifunc_wrapper)
--24726-- REDIR: 0x49d4cc0 (libc.so.6:strlen) redirected to 0x483d1c0 (_vgnU_ifunc_wrapper)
--24726-- REDIR: 0x49d4f90 (libc.so.6:strncpy) redirected to 0x483d1c0 (_vgnU_ifunc_wrapper)
--24726-- REDIR: 0x49f8f30 (libc.so.6:wmemcmp) redirected to 0x483d1c0 (_vgnU_ifunc_wrapper)
--24726-- REDIR: 0x4a574e0 (libc.so.6:__memmove_chk) redirected to 0x483d1c0 (_vgnU_ifunc_wrapper)
==24726== WARNING: new redirection conflicts with existing -- ignoring it
--24726--     old: 0x04aa89d0 (__memcpy_chk_avx_una) R-> (2030.0) 0x04853dd0 __memcpy_chk
--24726--     new: 0x04aa89d0 (__memcpy_chk_avx_una) R-> (2024.0) 0x04853740 __memmove_chk
--24726-- REDIR: 0x49d2440 (libc.so.6:stpcpy) redirected to 0x483d1c0 (_vgnU_ifunc_wrapper)
--24726-- REDIR: 0x49d1fc0 (libc.so.6:memmove) redirected to 0x483d1c0 (_vgnU_ifunc_wrapper)
==24726== Preferring higher priority redirection:
--24726--     old: 0x04aa8a00 (__memcpy_avx_unalign) R-> (2018.0) 0x04851580 __memcpy_avx_unaligned_erms
--24726--     new: 0x04aa8a00 (__memcpy_avx_unalign) R-> (2018.1) 0x04852d60 memmove
--24726-- REDIR: 0x49d15b0 (libc.so.6:memchr) redirected to 0x483d1c0 (_vgnU_ifunc_wrapper)
--24726-- REDIR: 0x49d52e0 (libc.so.6:strspn) redirected to 0x483d1c0 (_vgnU_ifunc_wrapper)
--24726-- REDIR: 0x49d20e0 (libc.so.6:mempcpy) redirected to 0x483d1c0 (_vgnU_ifunc_wrapper)
--24726-- REDIR: 0x49d4d50 (libc.so.6:strncasecmp) redirected to 0x483d1c0 (_vgnU_ifunc_wrapper)
--24726-- REDIR: 0x49d4e90 (libc.so.6:strncat) redirected to 0x483d1c0 (_vgnU_ifunc_wrapper)
--24726-- REDIR: 0x49d5ba0 (libc.so.6:strstr) redirected to 0x483d1c0 (_vgnU_ifunc_wrapper)
--24726-- REDIR: 0x4aad5f0 (libc.so.6:__strrchr_avx2) redirected to 0x484ed20 (rindex)
--24726-- REDIR: 0x49cd650 (libc.so.6:malloc) redirected to 0x48467b0 (malloc)
--24726-- REDIR: 0x4aab740 (libc.so.6:__strlen_avx2) redirected to 0x484f220 (strlen)
--24726-- REDIR: 0x4aa8a00 (libc.so.6:__memcpy_avx_unaligned_erms) redirected to 0x4852d60 (memmove)
--24726-- REDIR: 0x4aac820 (libc.so.6:__strncmp_avx2) redirected to 0x484fab0 (strncmp)
--24726-- REDIR: 0x4aaada0 (libc.so.6:__strchrnul_avx2) redirected to 0x48537b0 (strchrnul)
--24726-- REDIR: 0x496ad30 (libc.so.6:setenv) redirected to 0x48547d0 (setenv)
--24726-- REDIR: 0x4aaab60 (libc.so.6:__strchr_avx2) redirected to 0x484ef00 (index)
--24726-- REDIR: 0x49ce0a0 (libc.so.6:realloc) redirected to 0x484db00 (realloc)
--24726-- REDIR: 0x4aa89d0 (libc.so.6:__memcpy_chk_avx_unaligned_erms) redirected to 0x4853dd0 (__memcpy_chk)
--24726-- REDIR: 0x4aa89c0 (libc.so.6:__mempcpy_avx_unaligned_erms) redirected to 0x48538d0 (mempcpy)
--24726-- REDIR: 0x4aaaf90 (libc.so.6:__strcmp_avx2) redirected to 0x4850360 (strcmp)
--24726-- REDIR: 0x49ce7a0 (libc.so.6:calloc) redirected to 0x484d8a0 (calloc)
--24726-- REDIR: 0x4aad320 (libc.so.6:__strnlen_avx2) redirected to 0x484f1c0 (strnlen)
--24726-- REDIR: 0x49cdd30 (libc.so.6:free) redirected to 0x4849820 (free)
--24726-- REDIR: 0x4aab4f0 (libc.so.6:__strcpy_avx2) redirected to 0x484f370 (strcpy)
--24726-- REDIR: 0x4aa9400 (libc.so.6:__memset_avx2_unaligned_erms) redirected to 0x4852c50 (memset)
--24726-- REDIR: 0x4aace80 (libc.so.6:__strncpy_avx2) redirected to 0x484f4f0 (strncpy)
--24726-- REDIR: 0x4aa8000 (libc.so.6:__memchr_avx2) redirected to 0x48504e0 (memchr)
--24726-- REDIR: 0x4aa9e50 (libc.so.6:__strcasecmp_l_avx2) redirected to 0x484ff70 (strcasecmp_l)
--24726-- REDIR: 0x4aa96b0 (libc.so.6:__stpcpy_avx2) redirected to 0x48525a0 (stpcpy)
--24726-- REDIR: 0x4aa9e40 (libc.so.6:__strcasecmp_avx2) redirected to 0x484fcf0 (strcasecmp)
--24726-- REDIR: 0x4aab8c0 (libc.so.6:__strncasecmp_avx2) redirected to 0x484fdd0 (strncasecmp)
--24726-- REDIR: 0x4aa82a0 (libc.so.6:__memcmp_avx2_movbe) redirected to 0x4852480 (bcmp)
==24747== 
==24747== HEAP SUMMARY:
==24747==     in use at exit: 240,800 bytes in 392 blocks
==24747==   total heap usage: 689 allocs, 297 frees, 283,845 bytes allocated
==24747== 
==24747== Searching for pointers to 392 not-freed blocks
==24747== Checked 289,064 bytes
==24747== 
==24747== 4 bytes in 1 blocks are still reachable in loss record 1 of 100
==24747==    at 0x4846828: malloc (in /usr/libexec/valgrind/vgpreload_memcheck-amd64-linux.so)
==24747==    by 0x10BAF5: set_parsing (sources/utils/set_parsing.c:113)
==24747==    by 0x10EC8C: parsing (sources/parsing/parsing.c:26)
==24747==    by 0x1102A4: process_input (sources/minishell.c:22)
==24747==    by 0x110252: main_loop (sources/minishell.c:45)
==24747==    by 0x1101E7: main (sources/minishell.c:65)
==24747== 
==24747== 4 bytes in 1 blocks are still reachable in loss record 2 of 100
==24747==    at 0x4846828: malloc (in /usr/libexec/valgrind/vgpreload_memcheck-amd64-linux.so)
==24747==    by 0x111E06: ft_substr (in /home/wojti/Desktop/minishell- final- 2/minishell)
==24747==    by 0x10D12C: set_words_tab (sources/parsing/parsing_tokens_words.c:94)
==24747==    by 0x10F3AB: tokenize (sources/parsing/parsing_tokens.c:72)
==24747==    by 0x10EC99: parsing (sources/parsing/parsing.c:27)
==24747==    by 0x1102A4: process_input (sources/minishell.c:22)
==24747==    by 0x110252: main_loop (sources/minishell.c:45)
==24747==    by 0x1101E7: main (sources/minishell.c:65)
==24747== 
==24747== 7 bytes in 2 blocks are still reachable in loss record 3 of 100
==24747==    at 0x4846828: malloc (in /usr/libexec/valgrind/vgpreload_memcheck-amd64-linux.so)
==24747==    by 0x10EB70: alloc_proc_text (sources/parsing/process_text_copy_utils.c:17)
==24747==    by 0x10E5CD: copy_text (sources/parsing/process_text_copy.c:77)
==24747==    by 0x10D527: process_text (sources/parsing/process_text.c:121)
==24747==    by 0x10ECDC: parsing (sources/parsing/parsing.c:30)
==24747==    by 0x1102A4: process_input (sources/minishell.c:22)
==24747==    by 0x110252: main_loop (sources/minishell.c:45)
==24747==    by 0x1101E7: main (sources/minishell.c:65)
==24747== 
==24747== 9 bytes in 1 blocks are still reachable in loss record 7 of 100
==24747==    at 0x4846828: malloc (in /usr/libexec/valgrind/vgpreload_memcheck-amd64-linux.so)
==24747==    by 0x11197A: ft_strjoin (in /home/wojti/Desktop/minishell- final- 2/minishell)
==24747==    by 0x10952E: update_env_var (sources/builtins/cd_env_utils.c:52)
==24747==    by 0x1095B7: cd_change_envp (sources/builtins/cd_env_utils.c:67)
==24747==    by 0x109761: builtin_cd (sources/builtins/cd.c:38)
==24747==    by 0x1099CD: execute_builtin (sources/builtins/redirect_builtins.c:22)
==24747==    by 0x110819: exec_child (sources/exec/exec.c:71)
==24747==    by 0x1106BA: execute_command (sources/exec/exec.c:100)
==24747==    by 0x11139A: handle_pipeline_command (sources/exec/exec_pipeline_utils.c:25)
==24747==    by 0x1111E0: pipeline_loop_body (sources/exec/exec_pipeline_utils.c:72)
==24747==    by 0x111132: execute_pipeline_commands (sources/exec/exec_pipeline_utils.c:93)
==24747==    by 0x1110E8: pipeline_loop (sources/exec/exec_pipeline_utils.c:120)
==24747== 
==24747== 9 bytes in 3 blocks are still reachable in loss record 8 of 100
==24747==    at 0x4846828: malloc (in /usr/libexec/valgrind/vgpreload_memcheck-amd64-linux.so)
==24747==    by 0x111E06: ft_substr (in /home/wojti/Desktop/minishell- final- 2/minishell)
==24747==    by 0x10D3EF: process_separator (sources/parsing/parsing_tokens_words.c:59)
==24747==    by 0x10D0F3: set_words_tab (sources/parsing/parsing_tokens_words.c:91)
==24747==    by 0x10F3AB: tokenize (sources/parsing/parsing_tokens.c:72)
==24747==    by 0x10EC99: parsing (sources/parsing/parsing.c:27)
==24747==    by 0x1102A4: process_input (sources/minishell.c:22)
==24747==    by 0x110252: main_loop (sources/minishell.c:45)
==24747==    by 0x1101E7: main (sources/minishell.c:65)
==24747== 
==24747== 9 bytes in 3 blocks are still reachable in loss record 9 of 100
==24747==    at 0x4846828: malloc (in /usr/libexec/valgrind/vgpreload_memcheck-amd64-linux.so)
==24747==    by 0x1118E8: ft_strdup (in /home/wojti/Desktop/minishell- final- 2/minishell)
==24747==    by 0x10E07B: handle_pipe_operator (sources/parsing/push_to_exec2.c:29)
==24747==    by 0x10DFB2: push_to_exec (sources/parsing/push_to_exec2.c:68)
==24747==    by 0x10ECF6: parsing (sources/parsing/parsing.c:31)
==24747==    by 0x1102A4: process_input (sources/minishell.c:22)
==24747==    by 0x110252: main_loop (sources/minishell.c:45)
==24747==    by 0x1101E7: main (sources/minishell.c:65)
==24747== 
==24747== 14 bytes in 4 blocks are still reachable in loss record 18 of 100
==24747==    at 0x4846828: malloc (in /usr/libexec/valgrind/vgpreload_memcheck-amd64-linux.so)
==24747==    by 0x1118E8: ft_strdup (in /home/wojti/Desktop/minishell- final- 2/minishell)
==24747==    by 0x10FAA8: setup_exec_cmd (sources/parsing/command_parsing_utils.c:91)
==24747==    by 0x10EFB7: collect_args_and_redirections (sources/parsing/push_to_exec.c:57)
==24747==    by 0x10ED61: parse_command_with_redirections (sources/parsing/push_to_exec.c:89)
==24747==    by 0x10DF86: push_to_exec (sources/parsing/push_to_exec2.c:63)
==24747==    by 0x10ECF6: parsing (sources/parsing/parsing.c:31)
==24747==    by 0x1102A4: process_input (sources/minishell.c:22)
==24747==    by 0x110252: main_loop (sources/minishell.c:45)
==24747==    by 0x1101E7: main (sources/minishell.c:65)
==24747== 
==24747== 16 bytes in 2 blocks are still reachable in loss record 21 of 100
==24747==    at 0x4846828: malloc (in /usr/libexec/valgrind/vgpreload_memcheck-amd64-linux.so)
==24747==    by 0x10DEE1: alloc_env_var (sources/parsing/envp_handler_utils.c:92)
==24747==    by 0x10E806: envp_handler (sources/parsing/envp_handler.c:65)
==24747==    by 0x10D4E7: process_text (sources/parsing/process_text.c:115)
==24747==    by 0x10ECDC: parsing (sources/parsing/parsing.c:30)
==24747==    by 0x1102A4: process_input (sources/minishell.c:22)
==24747==    by 0x110252: main_loop (sources/minishell.c:45)
==24747==    by 0x1101E7: main (sources/minishell.c:65)
==24747== 
==24747== 17 bytes in 5 blocks are still reachable in loss record 22 of 100
==24747==    at 0x4846828: malloc (in /usr/libexec/valgrind/vgpreload_memcheck-amd64-linux.so)
==24747==    by 0x111E06: ft_substr (in /home/wojti/Desktop/minishell- final- 2/minishell)
==24747==    by 0x10D35B: process_separator (sources/parsing/parsing_tokens_words.c:51)
==24747==    by 0x10D0F3: set_words_tab (sources/parsing/parsing_tokens_words.c:91)
==24747==    by 0x10F3AB: tokenize (sources/parsing/parsing_tokens.c:72)
==24747==    by 0x10EC99: parsing (sources/parsing/parsing.c:27)
==24747==    by 0x1102A4: process_input (sources/minishell.c:22)
==24747==    by 0x110252: main_loop (sources/minishell.c:45)
==24747==    by 0x1101E7: main (sources/minishell.c:65)
==24747== 
==24747== 21 bytes in 6 blocks are still reachable in loss record 24 of 100
==24747==    at 0x4846828: malloc (in /usr/libexec/valgrind/vgpreload_memcheck-amd64-linux.so)
==24747==    by 0x1118E8: ft_strdup (in /home/wojti/Desktop/minishell- final- 2/minishell)
==24747==    by 0x10F9EF: process_token_in_args (sources/parsing/command_parsing_utils.c:55)
==24747==    by 0x10F958: fill_args_array (sources/parsing/command_parsing_utils.c:77)
==24747==    by 0x10EF75: collect_args_and_redirections (sources/parsing/push_to_exec.c:50)
==24747==    by 0x10ED61: parse_command_with_redirections (sources/parsing/push_to_exec.c:89)
==24747==    by 0x10DF86: push_to_exec (sources/parsing/push_to_exec2.c:63)
==24747==    by 0x10ECF6: parsing (sources/parsing/parsing.c:31)
==24747==    by 0x1102A4: process_input (sources/minishell.c:22)
==24747==    by 0x110252: main_loop (sources/minishell.c:45)
==24747==    by 0x1101E7: main (sources/minishell.c:65)
==24747== 
==24747== 23 bytes in 7 blocks are still reachable in loss record 25 of 100
==24747==    at 0x4846828: malloc (in /usr/libexec/valgrind/vgpreload_memcheck-amd64-linux.so)
==24747==    by 0x1118E8: ft_strdup (in /home/wojti/Desktop/minishell- final- 2/minishell)
==24747==    by 0x10D4A8: process_text (sources/parsing/process_text.c:109)
==24747==    by 0x10ECDC: parsing (sources/parsing/parsing.c:30)
==24747==    by 0x1102A4: process_input (sources/minishell.c:22)
==24747==    by 0x110252: main_loop (sources/minishell.c:45)
==24747==    by 0x1101E7: main (sources/minishell.c:65)
==24747== 
==24747== 40 bytes in 1 blocks are still reachable in loss record 31 of 100
==24747==    at 0x4846828: malloc (in /usr/libexec/valgrind/vgpreload_memcheck-amd64-linux.so)
==24747==    by 0x1113FD: init_pipeline_vars (sources/exec/exec_pipeline_helpers.c:18)
==24747==    by 0x111067: pipeline_loop (sources/exec/exec_pipeline_utils.c:110)
==24747==    by 0x1108AF: execute_pipeline (sources/exec/exec.c:109)
==24747==    by 0x1102AD: process_input (sources/minishell.c:23)
==24747==    by 0x110252: main_loop (sources/minishell.c:45)
==24747==    by 0x1101E7: main (sources/minishell.c:65)
==24747== 
==24747== 47 bytes in 1 blocks are still reachable in loss record 34 of 100
==24747==    at 0x4846828: malloc (in /usr/libexec/valgrind/vgpreload_memcheck-amd64-linux.so)
==24747==    by 0x11197A: ft_strjoin (in /home/wojti/Desktop/minishell- final- 2/minishell)
==24747==    by 0x10952E: update_env_var (sources/builtins/cd_env_utils.c:52)
==24747==    by 0x109613: cd_change_envp (sources/builtins/cd_env_utils.c:76)
==24747==    by 0x109761: builtin_cd (sources/builtins/cd.c:38)
==24747==    by 0x1099CD: execute_builtin (sources/builtins/redirect_builtins.c:22)
==24747==    by 0x110819: exec_child (sources/exec/exec.c:71)
==24747==    by 0x1106BA: execute_command (sources/exec/exec.c:100)
==24747==    by 0x11139A: handle_pipeline_command (sources/exec/exec_pipeline_utils.c:25)
==24747==    by 0x1111E0: pipeline_loop_body (sources/exec/exec_pipeline_utils.c:72)
==24747==    by 0x111132: execute_pipeline_commands (sources/exec/exec_pipeline_utils.c:93)
==24747==    by 0x1110E8: pipeline_loop (sources/exec/exec_pipeline_utils.c:120)
==24747== 
==24747== 48 bytes in 1 blocks are still reachable in loss record 35 of 100
==24747==    at 0x4846828: malloc (in /usr/libexec/valgrind/vgpreload_memcheck-amd64-linux.so)
==24747==    by 0x10B851: alloc_parsing (sources/utils/utils_set.c:39)
==24747==    by 0x10B821: set_data (sources/utils/utils_set.c:91)
==24747==    by 0x1101DE: main (sources/minishell.c:64)
==24747== 
==24747== 72 bytes in 1 blocks are still reachable in loss record 37 of 100
==24747==    at 0x4846828: malloc (in /usr/libexec/valgrind/vgpreload_memcheck-amd64-linux.so)
==24747==    by 0x10B691: alloc_exec (sources/utils/utils_set.c:53)
==24747==    by 0x110290: process_input (sources/minishell.c:21)
==24747==    by 0x110252: main_loop (sources/minishell.c:45)
==24747==    by 0x1101E7: main (sources/minishell.c:65)
==24747== 
==24747== 80 bytes in 1 blocks are still reachable in loss record 39 of 100
==24747==    at 0x4846828: malloc (in /usr/libexec/valgrind/vgpreload_memcheck-amd64-linux.so)
==24747==    by 0x10BC25: alloc_tokens (sources/utils/set_parsing.c:81)
==24747==    by 0x10BB44: set_parsing (sources/utils/set_parsing.c:118)
==24747==    by 0x10EC8C: parsing (sources/parsing/parsing.c:26)
==24747==    by 0x1102A4: process_input (sources/minishell.c:22)
==24747==    by 0x110252: main_loop (sources/minishell.c:45)
==24747==    by 0x1101E7: main (sources/minishell.c:65)
==24747== 
==24747== 80 bytes in 1 blocks are still reachable in loss record 40 of 100
==24747==    at 0x4846828: malloc (in /usr/libexec/valgrind/vgpreload_memcheck-amd64-linux.so)
==24747==    by 0x10CFD1: set_words_tab (sources/parsing/parsing_tokens_words.c:77)
==24747==    by 0x10F3AB: tokenize (sources/parsing/parsing_tokens.c:72)
==24747==    by 0x10EC99: parsing (sources/parsing/parsing.c:27)
==24747==    by 0x1102A4: process_input (sources/minishell.c:22)
==24747==    by 0x110252: main_loop (sources/minishell.c:45)
==24747==    by 0x1101E7: main (sources/minishell.c:65)
==24747== 
==24747== 80 bytes in 4 blocks are still reachable in loss record 41 of 100
==24747==    at 0x4846828: malloc (in /usr/libexec/valgrind/vgpreload_memcheck-amd64-linux.so)
==24747==    by 0x10EF47: collect_args_and_redirections (sources/parsing/push_to_exec.c:47)
==24747==    by 0x10ED61: parse_command_with_redirections (sources/parsing/push_to_exec.c:89)
==24747==    by 0x10DF86: push_to_exec (sources/parsing/push_to_exec2.c:63)
==24747==    by 0x10ECF6: parsing (sources/parsing/parsing.c:31)
==24747==    by 0x1102A4: process_input (sources/minishell.c:22)
==24747==    by 0x110252: main_loop (sources/minishell.c:45)
==24747==    by 0x1101E7: main (sources/minishell.c:65)
==24747== 
==24747== 216 bytes in 3 blocks are still reachable in loss record 47 of 100
==24747==    at 0x4846828: malloc (in /usr/libexec/valgrind/vgpreload_memcheck-amd64-linux.so)
==24747==    by 0x10B691: alloc_exec (sources/utils/utils_set.c:53)
==24747==    by 0x10E08D: handle_pipe_operator (sources/parsing/push_to_exec2.c:30)
==24747==    by 0x10DFB2: push_to_exec (sources/parsing/push_to_exec2.c:68)
==24747==    by 0x10ECF6: parsing (sources/parsing/parsing.c:31)
==24747==    by 0x1102A4: process_input (sources/minishell.c:22)
==24747==    by 0x110252: main_loop (sources/minishell.c:45)
==24747==    by 0x1101E7: main (sources/minishell.c:65)
==24747== 
==24747== 504 bytes in 9 blocks are still reachable in loss record 49 of 100
==24747==    at 0x4846828: malloc (in /usr/libexec/valgrind/vgpreload_memcheck-amd64-linux.so)
==24747==    by 0x10BC80: alloc_tokens (sources/utils/set_parsing.c:89)
==24747==    by 0x10BB44: set_parsing (sources/utils/set_parsing.c:118)
==24747==    by 0x10EC8C: parsing (sources/parsing/parsing.c:26)
==24747==    by 0x1102A4: process_input (sources/minishell.c:22)
==24747==    by 0x110252: main_loop (sources/minishell.c:45)
==24747==    by 0x1101E7: main (sources/minishell.c:65)
==24747== 
==24747== 792 bytes in 1 blocks are still reachable in loss record 53 of 100
==24747==    at 0x4846828: malloc (in /usr/libexec/valgrind/vgpreload_memcheck-amd64-linux.so)
==24747==    by 0x10B779: copy_envp (sources/utils/utils_set.c:76)
==24747==    by 0x10B81C: set_data (sources/utils/utils_set.c:90)
==24747==    by 0x1101DE: main (sources/minishell.c:64)
==24747== 
==24747== 5,802 bytes in 96 blocks are still reachable in loss record 86 of 100
==24747==    at 0x4846828: malloc (in /usr/libexec/valgrind/vgpreload_memcheck-amd64-linux.so)
==24747==    by 0x1118E8: ft_strdup (in /home/wojti/Desktop/minishell- final- 2/minishell)
==24747==    by 0x10B7C1: copy_envp (sources/utils/utils_set.c:82)
==24747==    by 0x10B81C: set_data (sources/utils/utils_set.c:90)
==24747==    by 0x1101DE: main (sources/minishell.c:64)
==24747== 
==24747== LEAK SUMMARY:
==24747==    definitely lost: 0 bytes in 0 blocks
==24747==    indirectly lost: 0 bytes in 0 blocks
==24747==      possibly lost: 0 bytes in 0 blocks
==24747==    still reachable: 7,894 bytes in 154 blocks
==24747==         suppressed: 232,906 bytes in 238 blocks
==24747== 
==24747== ERROR SUMMARY: 0 errors from 0 contexts (suppressed: 0 from 0)
--24747-- 
--24747-- used_suppression:     74 <Readline> ./readline.supp:2 suppressed: 228,824 bytes in 234 blocks
--24747-- used_suppression:      4 <Readline/AddHistory> ./readline.supp:10 suppressed: 4,082 bytes in 4 blocks
==24747== 
==24747== ERROR SUMMARY: 0 errors from 0 contexts (suppressed: 0 from 0)
==24748== 
==24748== HEAP SUMMARY:
==24748==     in use at exit: 240,852 bytes in 392 blocks
==24748==   total heap usage: 684 allocs, 292 frees, 279,683 bytes allocated
==24748== 
==24748== Searching for pointers to 392 not-freed blocks
==24748== Checked 289,120 bytes
==24748== 
==24748== 4 bytes in 1 blocks are still reachable in loss record 1 of 98
==24748==    at 0x4846828: malloc (in /usr/libexec/valgrind/vgpreload_memcheck-amd64-linux.so)
==24748==    by 0x10BAF5: set_parsing (sources/utils/set_parsing.c:113)
==24748==    by 0x10EC8C: parsing (sources/parsing/parsing.c:26)
==24748==    by 0x1102A4: process_input (sources/minishell.c:22)
==24748==    by 0x110252: main_loop (sources/minishell.c:45)
==24748==    by 0x1101E7: main (sources/minishell.c:65)
==24748== 
==24748== 4 bytes in 1 blocks are still reachable in loss record 2 of 98
==24748==    at 0x4846828: malloc (in /usr/libexec/valgrind/vgpreload_memcheck-amd64-linux.so)
==24748==    by 0x111E06: ft_substr (in /home/wojti/Desktop/minishell- final- 2/minishell)
==24748==    by 0x10D12C: set_words_tab (sources/parsing/parsing_tokens_words.c:94)
==24748==    by 0x10F3AB: tokenize (sources/parsing/parsing_tokens.c:72)
==24748==    by 0x10EC99: parsing (sources/parsing/parsing.c:27)
==24748==    by 0x1102A4: process_input (sources/minishell.c:22)
==24748==    by 0x110252: main_loop (sources/minishell.c:45)
==24748==    by 0x1101E7: main (sources/minishell.c:65)
==24748== 
==24748== 7 bytes in 2 blocks are still reachable in loss record 3 of 98
==24748==    at 0x4846828: malloc (in /usr/libexec/valgrind/vgpreload_memcheck-amd64-linux.so)
==24748==    by 0x10EB70: alloc_proc_text (sources/parsing/process_text_copy_utils.c:17)
==24748==    by 0x10E5CD: copy_text (sources/parsing/process_text_copy.c:77)
==24748==    by 0x10D527: process_text (sources/parsing/process_text.c:121)
==24748==    by 0x10ECDC: parsing (sources/parsing/parsing.c:30)
==24748==    by 0x1102A4: process_input (sources/minishell.c:22)
==24748==    by 0x110252: main_loop (sources/minishell.c:45)
==24748==    by 0x1101E7: main (sources/minishell.c:65)
==24748== 
==24748== 9 bytes in 3 blocks are still reachable in loss record 7 of 98
==24748==    at 0x4846828: malloc (in /usr/libexec/valgrind/vgpreload_memcheck-amd64-linux.so)
==24748==    by 0x111E06: ft_substr (in /home/wojti/Desktop/minishell- final- 2/minishell)
==24748==    by 0x10D3EF: process_separator (sources/parsing/parsing_tokens_words.c:59)
==24748==    by 0x10D0F3: set_words_tab (sources/parsing/parsing_tokens_words.c:91)
==24748==    by 0x10F3AB: tokenize (sources/parsing/parsing_tokens.c:72)
==24748==    by 0x10EC99: parsing (sources/parsing/parsing.c:27)
==24748==    by 0x1102A4: process_input (sources/minishell.c:22)
==24748==    by 0x110252: main_loop (sources/minishell.c:45)
==24748==    by 0x1101E7: main (sources/minishell.c:65)
==24748== 
==24748== 9 bytes in 3 blocks are still reachable in loss record 8 of 98
==24748==    at 0x4846828: malloc (in /usr/libexec/valgrind/vgpreload_memcheck-amd64-linux.so)
==24748==    by 0x1118E8: ft_strdup (in /home/wojti/Desktop/minishell- final- 2/minishell)
==24748==    by 0x10E07B: handle_pipe_operator (sources/parsing/push_to_exec2.c:29)
==24748==    by 0x10DFB2: push_to_exec (sources/parsing/push_to_exec2.c:68)
==24748==    by 0x10ECF6: parsing (sources/parsing/parsing.c:31)
==24748==    by 0x1102A4: process_input (sources/minishell.c:22)
==24748==    by 0x110252: main_loop (sources/minishell.c:45)
==24748==    by 0x1101E7: main (sources/minishell.c:65)
==24748== 
==24748== 14 bytes in 4 blocks are still reachable in loss record 17 of 98
==24748==    at 0x4846828: malloc (in /usr/libexec/valgrind/vgpreload_memcheck-amd64-linux.so)
==24748==    by 0x1118E8: ft_strdup (in /home/wojti/Desktop/minishell- final- 2/minishell)
==24748==    by 0x10FAA8: setup_exec_cmd (sources/parsing/command_parsing_utils.c:91)
==24748==    by 0x10EFB7: collect_args_and_redirections (sources/parsing/push_to_exec.c:57)
==24748==    by 0x10ED61: parse_command_with_redirections (sources/parsing/push_to_exec.c:89)
==24748==    by 0x10DF86: push_to_exec (sources/parsing/push_to_exec2.c:63)
==24748==    by 0x10ECF6: parsing (sources/parsing/parsing.c:31)
==24748==    by 0x1102A4: process_input (sources/minishell.c:22)
==24748==    by 0x110252: main_loop (sources/minishell.c:45)
==24748==    by 0x1101E7: main (sources/minishell.c:65)
==24748== 
==24748== 16 bytes in 2 blocks are still reachable in loss record 20 of 98
==24748==    at 0x4846828: malloc (in /usr/libexec/valgrind/vgpreload_memcheck-amd64-linux.so)
==24748==    by 0x10DEE1: alloc_env_var (sources/parsing/envp_handler_utils.c:92)
==24748==    by 0x10E806: envp_handler (sources/parsing/envp_handler.c:65)
==24748==    by 0x10D4E7: process_text (sources/parsing/process_text.c:115)
==24748==    by 0x10ECDC: parsing (sources/parsing/parsing.c:30)
==24748==    by 0x1102A4: process_input (sources/minishell.c:22)
==24748==    by 0x110252: main_loop (sources/minishell.c:45)
==24748==    by 0x1101E7: main (sources/minishell.c:65)
==24748== 
==24748== 17 bytes in 5 blocks are still reachable in loss record 21 of 98
==24748==    at 0x4846828: malloc (in /usr/libexec/valgrind/vgpreload_memcheck-amd64-linux.so)
==24748==    by 0x111E06: ft_substr (in /home/wojti/Desktop/minishell- final- 2/minishell)
==24748==    by 0x10D35B: process_separator (sources/parsing/parsing_tokens_words.c:51)
==24748==    by 0x10D0F3: set_words_tab (sources/parsing/parsing_tokens_words.c:91)
==24748==    by 0x10F3AB: tokenize (sources/parsing/parsing_tokens.c:72)
==24748==    by 0x10EC99: parsing (sources/parsing/parsing.c:27)
==24748==    by 0x1102A4: process_input (sources/minishell.c:22)
==24748==    by 0x110252: main_loop (sources/minishell.c:45)
==24748==    by 0x1101E7: main (sources/minishell.c:65)
==24748== 
==24748== 21 bytes in 6 blocks are still reachable in loss record 23 of 98
==24748==    at 0x4846828: malloc (in /usr/libexec/valgrind/vgpreload_memcheck-amd64-linux.so)
==24748==    by 0x1118E8: ft_strdup (in /home/wojti/Desktop/minishell- final- 2/minishell)
==24748==    by 0x10F9EF: process_token_in_args (sources/parsing/command_parsing_utils.c:55)
==24748==    by 0x10F958: fill_args_array (sources/parsing/command_parsing_utils.c:77)
==24748==    by 0x10EF75: collect_args_and_redirections (sources/parsing/push_to_exec.c:50)
==24748==    by 0x10ED61: parse_command_with_redirections (sources/parsing/push_to_exec.c:89)
==24748==    by 0x10DF86: push_to_exec (sources/parsing/push_to_exec2.c:63)
==24748==    by 0x10ECF6: parsing (sources/parsing/parsing.c:31)
==24748==    by 0x1102A4: process_input (sources/minishell.c:22)
==24748==    by 0x110252: main_loop (sources/minishell.c:45)
==24748==    by 0x1101E7: main (sources/minishell.c:65)
==24748== 
==24748== 23 bytes in 7 blocks are still reachable in loss record 24 of 98
==24748==    at 0x4846828: malloc (in /usr/libexec/valgrind/vgpreload_memcheck-amd64-linux.so)
==24748==    by 0x1118E8: ft_strdup (in /home/wojti/Desktop/minishell- final- 2/minishell)
==24748==    by 0x10D4A8: process_text (sources/parsing/process_text.c:109)
==24748==    by 0x10ECDC: parsing (sources/parsing/parsing.c:30)
==24748==    by 0x1102A4: process_input (sources/minishell.c:22)
==24748==    by 0x110252: main_loop (sources/minishell.c:45)
==24748==    by 0x1101E7: main (sources/minishell.c:65)
==24748== 
==24748== 40 bytes in 1 blocks are still reachable in loss record 30 of 98
==24748==    at 0x4846828: malloc (in /usr/libexec/valgrind/vgpreload_memcheck-amd64-linux.so)
==24748==    by 0x1113FD: init_pipeline_vars (sources/exec/exec_pipeline_helpers.c:18)
==24748==    by 0x111067: pipeline_loop (sources/exec/exec_pipeline_utils.c:110)
==24748==    by 0x1108AF: execute_pipeline (sources/exec/exec.c:109)
==24748==    by 0x1102AD: process_input (sources/minishell.c:23)
==24748==    by 0x110252: main_loop (sources/minishell.c:45)
==24748==    by 0x1101E7: main (sources/minishell.c:65)
==24748== 
==24748== 48 bytes in 1 blocks are still reachable in loss record 33 of 98
==24748==    at 0x4846828: malloc (in /usr/libexec/valgrind/vgpreload_memcheck-amd64-linux.so)
==24748==    by 0x10B851: alloc_parsing (sources/utils/utils_set.c:39)
==24748==    by 0x10B821: set_data (sources/utils/utils_set.c:91)
==24748==    by 0x1101DE: main (sources/minishell.c:64)
==24748== 
==24748== 72 bytes in 1 blocks are still reachable in loss record 35 of 98
==24748==    at 0x4846828: malloc (in /usr/libexec/valgrind/vgpreload_memcheck-amd64-linux.so)
==24748==    by 0x10B691: alloc_exec (sources/utils/utils_set.c:53)
==24748==    by 0x110290: process_input (sources/minishell.c:21)
==24748==    by 0x110252: main_loop (sources/minishell.c:45)
==24748==    by 0x1101E7: main (sources/minishell.c:65)
==24748== 
==24748== 80 bytes in 1 blocks are still reachable in loss record 37 of 98
==24748==    at 0x4846828: malloc (in /usr/libexec/valgrind/vgpreload_memcheck-amd64-linux.so)
==24748==    by 0x10BC25: alloc_tokens (sources/utils/set_parsing.c:81)
==24748==    by 0x10BB44: set_parsing (sources/utils/set_parsing.c:118)
==24748==    by 0x10EC8C: parsing (sources/parsing/parsing.c:26)
==24748==    by 0x1102A4: process_input (sources/minishell.c:22)
==24748==    by 0x110252: main_loop (sources/minishell.c:45)
==24748==    by 0x1101E7: main (sources/minishell.c:65)
==24748== 
==24748== 80 bytes in 1 blocks are still reachable in loss record 38 of 98
==24748==    at 0x4846828: malloc (in /usr/libexec/valgrind/vgpreload_memcheck-amd64-linux.so)
==24748==    by 0x10CFD1: set_words_tab (sources/parsing/parsing_tokens_words.c:77)
==24748==    by 0x10F3AB: tokenize (sources/parsing/parsing_tokens.c:72)
==24748==    by 0x10EC99: parsing (sources/parsing/parsing.c:27)
==24748==    by 0x1102A4: process_input (sources/minishell.c:22)
==24748==    by 0x110252: main_loop (sources/minishell.c:45)
==24748==    by 0x1101E7: main (sources/minishell.c:65)
==24748== 
==24748== 80 bytes in 4 blocks are still reachable in loss record 39 of 98
==24748==    at 0x4846828: malloc (in /usr/libexec/valgrind/vgpreload_memcheck-amd64-linux.so)
==24748==    by 0x10EF47: collect_args_and_redirections (sources/parsing/push_to_exec.c:47)
==24748==    by 0x10ED61: parse_command_with_redirections (sources/parsing/push_to_exec.c:89)
==24748==    by 0x10DF86: push_to_exec (sources/parsing/push_to_exec2.c:63)
==24748==    by 0x10ECF6: parsing (sources/parsing/parsing.c:31)
==24748==    by 0x1102A4: process_input (sources/minishell.c:22)
==24748==    by 0x110252: main_loop (sources/minishell.c:45)
==24748==    by 0x1101E7: main (sources/minishell.c:65)
==24748== 
==24748== 216 bytes in 3 blocks are still reachable in loss record 45 of 98
==24748==    at 0x4846828: malloc (in /usr/libexec/valgrind/vgpreload_memcheck-amd64-linux.so)
==24748==    by 0x10B691: alloc_exec (sources/utils/utils_set.c:53)
==24748==    by 0x10E08D: handle_pipe_operator (sources/parsing/push_to_exec2.c:30)
==24748==    by 0x10DFB2: push_to_exec (sources/parsing/push_to_exec2.c:68)
==24748==    by 0x10ECF6: parsing (sources/parsing/parsing.c:31)
==24748==    by 0x1102A4: process_input (sources/minishell.c:22)
==24748==    by 0x110252: main_loop (sources/minishell.c:45)
==24748==    by 0x1101E7: main (sources/minishell.c:65)
==24748== 
==24748== 504 bytes in 9 blocks are still reachable in loss record 47 of 98
==24748==    at 0x4846828: malloc (in /usr/libexec/valgrind/vgpreload_memcheck-amd64-linux.so)
==24748==    by 0x10BC80: alloc_tokens (sources/utils/set_parsing.c:89)
==24748==    by 0x10BB44: set_parsing (sources/utils/set_parsing.c:118)
==24748==    by 0x10EC8C: parsing (sources/parsing/parsing.c:26)
==24748==    by 0x1102A4: process_input (sources/minishell.c:22)
==24748==    by 0x110252: main_loop (sources/minishell.c:45)
==24748==    by 0x1101E7: main (sources/minishell.c:65)
==24748== 
==24748== 792 bytes in 1 blocks are still reachable in loss record 51 of 98
==24748==    at 0x4846828: malloc (in /usr/libexec/valgrind/vgpreload_memcheck-amd64-linux.so)
==24748==    by 0x10B779: copy_envp (sources/utils/utils_set.c:76)
==24748==    by 0x10B81C: set_data (sources/utils/utils_set.c:90)
==24748==    by 0x1101DE: main (sources/minishell.c:64)
==24748== 
==24748== 5,910 bytes in 98 blocks are still reachable in loss record 84 of 98
==24748==    at 0x4846828: malloc (in /usr/libexec/valgrind/vgpreload_memcheck-amd64-linux.so)
==24748==    by 0x1118E8: ft_strdup (in /home/wojti/Desktop/minishell- final- 2/minishell)
==24748==    by 0x10B7C1: copy_envp (sources/utils/utils_set.c:82)
==24748==    by 0x10B81C: set_data (sources/utils/utils_set.c:90)
==24748==    by 0x1101DE: main (sources/minishell.c:64)
==24748== 
==24748== LEAK SUMMARY:
==24748==    definitely lost: 0 bytes in 0 blocks
==24748==    indirectly lost: 0 bytes in 0 blocks
==24748==      possibly lost: 0 bytes in 0 blocks
==24748==    still reachable: 7,946 bytes in 154 blocks
==24748==         suppressed: 232,906 bytes in 238 blocks
==24748== 
==24748== ERROR SUMMARY: 0 errors from 0 contexts (suppressed: 0 from 0)
--24748-- 
--24748-- used_suppression:     74 <Readline> ./readline.supp:2 suppressed: 228,824 bytes in 234 blocks
--24748-- used_suppression:      4 <Readline/AddHistory> ./readline.supp:10 suppressed: 4,082 bytes in 4 blocks
==24748== 
==24748== ERROR SUMMARY: 0 errors from 0 contexts (suppressed: 0 from 0)
==24749== 
==24749== HEAP SUMMARY:
==24749==     in use at exit: 240,852 bytes in 392 blocks
==24749==   total heap usage: 689 allocs, 297 frees, 284,001 bytes allocated
==24749== 
==24749== Searching for pointers to 392 not-freed blocks
==24749== Checked 289,120 bytes
==24749== 
==24749== 4 bytes in 1 blocks are still reachable in loss record 1 of 100
==24749==    at 0x4846828: malloc (in /usr/libexec/valgrind/vgpreload_memcheck-amd64-linux.so)
==24749==    by 0x10BAF5: set_parsing (sources/utils/set_parsing.c:113)
==24749==    by 0x10EC8C: parsing (sources/parsing/parsing.c:26)
==24749==    by 0x1102A4: process_input (sources/minishell.c:22)
==24749==    by 0x110252: main_loop (sources/minishell.c:45)
==24749==    by 0x1101E7: main (sources/minishell.c:65)
==24749== 
==24749== 4 bytes in 1 blocks are still reachable in loss record 2 of 100
==24749==    at 0x4846828: malloc (in /usr/libexec/valgrind/vgpreload_memcheck-amd64-linux.so)
==24749==    by 0x111E06: ft_substr (in /home/wojti/Desktop/minishell- final- 2/minishell)
==24749==    by 0x10D12C: set_words_tab (sources/parsing/parsing_tokens_words.c:94)
==24749==    by 0x10F3AB: tokenize (sources/parsing/parsing_tokens.c:72)
==24749==    by 0x10EC99: parsing (sources/parsing/parsing.c:27)
==24749==    by 0x1102A4: process_input (sources/minishell.c:22)
==24749==    by 0x110252: main_loop (sources/minishell.c:45)
==24749==    by 0x1101E7: main (sources/minishell.c:65)
==24749== 
==24749== 7 bytes in 2 blocks are still reachable in loss record 3 of 100
==24749==    at 0x4846828: malloc (in /usr/libexec/valgrind/vgpreload_memcheck-amd64-linux.so)
==24749==    by 0x10EB70: alloc_proc_text (sources/parsing/process_text_copy_utils.c:17)
==24749==    by 0x10E5CD: copy_text (sources/parsing/process_text_copy.c:77)
==24749==    by 0x10D527: process_text (sources/parsing/process_text.c:121)
==24749==    by 0x10ECDC: parsing (sources/parsing/parsing.c:30)
==24749==    by 0x1102A4: process_input (sources/minishell.c:22)
==24749==    by 0x110252: main_loop (sources/minishell.c:45)
==24749==    by 0x1101E7: main (sources/minishell.c:65)
==24749== 
==24749== 9 bytes in 3 blocks are still reachable in loss record 7 of 100
==24749==    at 0x4846828: malloc (in /usr/libexec/valgrind/vgpreload_memcheck-amd64-linux.so)
==24749==    by 0x111E06: ft_substr (in /home/wojti/Desktop/minishell- final- 2/minishell)
==24749==    by 0x10D3EF: process_separator (sources/parsing/parsing_tokens_words.c:59)
==24749==    by 0x10D0F3: set_words_tab (sources/parsing/parsing_tokens_words.c:91)
==24749==    by 0x10F3AB: tokenize (sources/parsing/parsing_tokens.c:72)
==24749==    by 0x10EC99: parsing (sources/parsing/parsing.c:27)
==24749==    by 0x1102A4: process_input (sources/minishell.c:22)
==24749==    by 0x110252: main_loop (sources/minishell.c:45)
==24749==    by 0x1101E7: main (sources/minishell.c:65)
==24749== 
==24749== 9 bytes in 3 blocks are still reachable in loss record 8 of 100
==24749==    at 0x4846828: malloc (in /usr/libexec/valgrind/vgpreload_memcheck-amd64-linux.so)
==24749==    by 0x1118E8: ft_strdup (in /home/wojti/Desktop/minishell- final- 2/minishell)
==24749==    by 0x10E07B: handle_pipe_operator (sources/parsing/push_to_exec2.c:29)
==24749==    by 0x10DFB2: push_to_exec (sources/parsing/push_to_exec2.c:68)
==24749==    by 0x10ECF6: parsing (sources/parsing/parsing.c:31)
==24749==    by 0x1102A4: process_input (sources/minishell.c:22)
==24749==    by 0x110252: main_loop (sources/minishell.c:45)
==24749==    by 0x1101E7: main (sources/minishell.c:65)
==24749== 
==24749== 14 bytes in 4 blocks are still reachable in loss record 17 of 100
==24749==    at 0x4846828: malloc (in /usr/libexec/valgrind/vgpreload_memcheck-amd64-linux.so)
==24749==    by 0x1118E8: ft_strdup (in /home/wojti/Desktop/minishell- final- 2/minishell)
==24749==    by 0x10FAA8: setup_exec_cmd (sources/parsing/command_parsing_utils.c:91)
==24749==    by 0x10EFB7: collect_args_and_redirections (sources/parsing/push_to_exec.c:57)
==24749==    by 0x10ED61: parse_command_with_redirections (sources/parsing/push_to_exec.c:89)
==24749==    by 0x10DF86: push_to_exec (sources/parsing/push_to_exec2.c:63)
==24749==    by 0x10ECF6: parsing (sources/parsing/parsing.c:31)
==24749==    by 0x1102A4: process_input (sources/minishell.c:22)
==24749==    by 0x110252: main_loop (sources/minishell.c:45)
==24749==    by 0x1101E7: main (sources/minishell.c:65)
==24749== 
==24749== 16 bytes in 2 blocks are still reachable in loss record 20 of 100
==24749==    at 0x4846828: malloc (in /usr/libexec/valgrind/vgpreload_memcheck-amd64-linux.so)
==24749==    by 0x10DEE1: alloc_env_var (sources/parsing/envp_handler_utils.c:92)
==24749==    by 0x10E806: envp_handler (sources/parsing/envp_handler.c:65)
==24749==    by 0x10D4E7: process_text (sources/parsing/process_text.c:115)
==24749==    by 0x10ECDC: parsing (sources/parsing/parsing.c:30)
==24749==    by 0x1102A4: process_input (sources/minishell.c:22)
==24749==    by 0x110252: main_loop (sources/minishell.c:45)
==24749==    by 0x1101E7: main (sources/minishell.c:65)
==24749== 
==24749== 17 bytes in 5 blocks are still reachable in loss record 21 of 100
==24749==    at 0x4846828: malloc (in /usr/libexec/valgrind/vgpreload_memcheck-amd64-linux.so)
==24749==    by 0x111E06: ft_substr (in /home/wojti/Desktop/minishell- final- 2/minishell)
==24749==    by 0x10D35B: process_separator (sources/parsing/parsing_tokens_words.c:51)
==24749==    by 0x10D0F3: set_words_tab (sources/parsing/parsing_tokens_words.c:91)
==24749==    by 0x10F3AB: tokenize (sources/parsing/parsing_tokens.c:72)
==24749==    by 0x10EC99: parsing (sources/parsing/parsing.c:27)
==24749==    by 0x1102A4: process_input (sources/minishell.c:22)
==24749==    by 0x110252: main_loop (sources/minishell.c:45)
==24749==    by 0x1101E7: main (sources/minishell.c:65)
==24749== 
==24749== 21 bytes in 6 blocks are still reachable in loss record 23 of 100
==24749==    at 0x4846828: malloc (in /usr/libexec/valgrind/vgpreload_memcheck-amd64-linux.so)
==24749==    by 0x1118E8: ft_strdup (in /home/wojti/Desktop/minishell- final- 2/minishell)
==24749==    by 0x10F9EF: process_token_in_args (sources/parsing/command_parsing_utils.c:55)
==24749==    by 0x10F958: fill_args_array (sources/parsing/command_parsing_utils.c:77)
==24749==    by 0x10EF75: collect_args_and_redirections (sources/parsing/push_to_exec.c:50)
==24749==    by 0x10ED61: parse_command_with_redirections (sources/parsing/push_to_exec.c:89)
==24749==    by 0x10DF86: push_to_exec (sources/parsing/push_to_exec2.c:63)
==24749==    by 0x10ECF6: parsing (sources/parsing/parsing.c:31)
==24749==    by 0x1102A4: process_input (sources/minishell.c:22)
==24749==    by 0x110252: main_loop (sources/minishell.c:45)
==24749==    by 0x1101E7: main (sources/minishell.c:65)
==24749== 
==24749== 23 bytes in 7 blocks are still reachable in loss record 24 of 100
==24749==    at 0x4846828: malloc (in /usr/libexec/valgrind/vgpreload_memcheck-amd64-linux.so)
==24749==    by 0x1118E8: ft_strdup (in /home/wojti/Desktop/minishell- final- 2/minishell)
==24749==    by 0x10D4A8: process_text (sources/parsing/process_text.c:109)
==24749==    by 0x10ECDC: parsing (sources/parsing/parsing.c:30)
==24749==    by 0x1102A4: process_input (sources/minishell.c:22)
==24749==    by 0x110252: main_loop (sources/minishell.c:45)
==24749==    by 0x1101E7: main (sources/minishell.c:65)
==24749== 
==24749== 40 bytes in 1 blocks are still reachable in loss record 30 of 100
==24749==    at 0x4846828: malloc (in /usr/libexec/valgrind/vgpreload_memcheck-amd64-linux.so)
==24749==    by 0x1113FD: init_pipeline_vars (sources/exec/exec_pipeline_helpers.c:18)
==24749==    by 0x111067: pipeline_loop (sources/exec/exec_pipeline_utils.c:110)
==24749==    by 0x1108AF: execute_pipeline (sources/exec/exec.c:109)
==24749==    by 0x1102AD: process_input (sources/minishell.c:23)
==24749==    by 0x110252: main_loop (sources/minishell.c:45)
==24749==    by 0x1101E7: main (sources/minishell.c:65)
==24749== 
==24749== 47 bytes in 1 blocks are still reachable in loss record 33 of 100
==24749==    at 0x4846828: malloc (in /usr/libexec/valgrind/vgpreload_memcheck-amd64-linux.so)
==24749==    by 0x11197A: ft_strjoin (in /home/wojti/Desktop/minishell- final- 2/minishell)
==24749==    by 0x10952E: update_env_var (sources/builtins/cd_env_utils.c:52)
==24749==    by 0x109613: cd_change_envp (sources/builtins/cd_env_utils.c:76)
==24749==    by 0x109761: builtin_cd (sources/builtins/cd.c:38)
==24749==    by 0x1099CD: execute_builtin (sources/builtins/redirect_builtins.c:22)
==24749==    by 0x110819: exec_child (sources/exec/exec.c:71)
==24749==    by 0x1106BA: execute_command (sources/exec/exec.c:100)
==24749==    by 0x11139A: handle_pipeline_command (sources/exec/exec_pipeline_utils.c:25)
==24749==    by 0x1111E0: pipeline_loop_body (sources/exec/exec_pipeline_utils.c:72)
==24749==    by 0x111132: execute_pipeline_commands (sources/exec/exec_pipeline_utils.c:93)
==24749==    by 0x1110E8: pipeline_loop (sources/exec/exec_pipeline_utils.c:120)
==24749== 
==24749== 48 bytes in 1 blocks are still reachable in loss record 34 of 100
==24749==    at 0x4846828: malloc (in /usr/libexec/valgrind/vgpreload_memcheck-amd64-linux.so)
==24749==    by 0x10B851: alloc_parsing (sources/utils/utils_set.c:39)
==24749==    by 0x10B821: set_data (sources/utils/utils_set.c:91)
==24749==    by 0x1101DE: main (sources/minishell.c:64)
==24749== 
==24749== 61 bytes in 1 blocks are still reachable in loss record 36 of 100
==24749==    at 0x4846828: malloc (in /usr/libexec/valgrind/vgpreload_memcheck-amd64-linux.so)
==24749==    by 0x11197A: ft_strjoin (in /home/wojti/Desktop/minishell- final- 2/minishell)
==24749==    by 0x10952E: update_env_var (sources/builtins/cd_env_utils.c:52)
==24749==    by 0x1095B7: cd_change_envp (sources/builtins/cd_env_utils.c:67)
==24749==    by 0x109761: builtin_cd (sources/builtins/cd.c:38)
==24749==    by 0x1099CD: execute_builtin (sources/builtins/redirect_builtins.c:22)
==24749==    by 0x110819: exec_child (sources/exec/exec.c:71)
==24749==    by 0x1106BA: execute_command (sources/exec/exec.c:100)
==24749==    by 0x11139A: handle_pipeline_command (sources/exec/exec_pipeline_utils.c:25)
==24749==    by 0x1111E0: pipeline_loop_body (sources/exec/exec_pipeline_utils.c:72)
==24749==    by 0x111132: execute_pipeline_commands (sources/exec/exec_pipeline_utils.c:93)
==24749==    by 0x1110E8: pipeline_loop (sources/exec/exec_pipeline_utils.c:120)
==24749== 
==24749== 72 bytes in 1 blocks are still reachable in loss record 37 of 100
==24749==    at 0x4846828: malloc (in /usr/libexec/valgrind/vgpreload_memcheck-amd64-linux.so)
==24749==    by 0x10B691: alloc_exec (sources/utils/utils_set.c:53)
==24749==    by 0x110290: process_input (sources/minishell.c:21)
==24749==    by 0x110252: main_loop (sources/minishell.c:45)
==24749==    by 0x1101E7: main (sources/minishell.c:65)
==24749== 
==24749== 80 bytes in 1 blocks are still reachable in loss record 39 of 100
==24749==    at 0x4846828: malloc (in /usr/libexec/valgrind/vgpreload_memcheck-amd64-linux.so)
==24749==    by 0x10BC25: alloc_tokens (sources/utils/set_parsing.c:81)
==24749==    by 0x10BB44: set_parsing (sources/utils/set_parsing.c:118)
==24749==    by 0x10EC8C: parsing (sources/parsing/parsing.c:26)
==24749==    by 0x1102A4: process_input (sources/minishell.c:22)
==24749==    by 0x110252: main_loop (sources/minishell.c:45)
==24749==    by 0x1101E7: main (sources/minishell.c:65)
==24749== 
==24749== 80 bytes in 1 blocks are still reachable in loss record 40 of 100
==24749==    at 0x4846828: malloc (in /usr/libexec/valgrind/vgpreload_memcheck-amd64-linux.so)
==24749==    by 0x10CFD1: set_words_tab (sources/parsing/parsing_tokens_words.c:77)
==24749==    by 0x10F3AB: tokenize (sources/parsing/parsing_tokens.c:72)
==24749==    by 0x10EC99: parsing (sources/parsing/parsing.c:27)
==24749==    by 0x1102A4: process_input (sources/minishell.c:22)
==24749==    by 0x110252: main_loop (sources/minishell.c:45)
==24749==    by 0x1101E7: main (sources/minishell.c:65)
==24749== 
==24749== 80 bytes in 4 blocks are still reachable in loss record 41 of 100
==24749==    at 0x4846828: malloc (in /usr/libexec/valgrind/vgpreload_memcheck-amd64-linux.so)
==24749==    by 0x10EF47: collect_args_and_redirections (sources/parsing/push_to_exec.c:47)
==24749==    by 0x10ED61: parse_command_with_redirections (sources/parsing/push_to_exec.c:89)
==24749==    by 0x10DF86: push_to_exec (sources/parsing/push_to_exec2.c:63)
==24749==    by 0x10ECF6: parsing (sources/parsing/parsing.c:31)
==24749==    by 0x1102A4: process_input (sources/minishell.c:22)
==24749==    by 0x110252: main_loop (sources/minishell.c:45)
==24749==    by 0x1101E7: main (sources/minishell.c:65)
==24749== 
==24749== 216 bytes in 3 blocks are still reachable in loss record 47 of 100
==24749==    at 0x4846828: malloc (in /usr/libexec/valgrind/vgpreload_memcheck-amd64-linux.so)
==24749==    by 0x10B691: alloc_exec (sources/utils/utils_set.c:53)
==24749==    by 0x10E08D: handle_pipe_operator (sources/parsing/push_to_exec2.c:30)
==24749==    by 0x10DFB2: push_to_exec (sources/parsing/push_to_exec2.c:68)
==24749==    by 0x10ECF6: parsing (sources/parsing/parsing.c:31)
==24749==    by 0x1102A4: process_input (sources/minishell.c:22)
==24749==    by 0x110252: main_loop (sources/minishell.c:45)
==24749==    by 0x1101E7: main (sources/minishell.c:65)
==24749== 
==24749== 504 bytes in 9 blocks are still reachable in loss record 49 of 100
==24749==    at 0x4846828: malloc (in /usr/libexec/valgrind/vgpreload_memcheck-amd64-linux.so)
==24749==    by 0x10BC80: alloc_tokens (sources/utils/set_parsing.c:89)
==24749==    by 0x10BB44: set_parsing (sources/utils/set_parsing.c:118)
==24749==    by 0x10EC8C: parsing (sources/parsing/parsing.c:26)
==24749==    by 0x1102A4: process_input (sources/minishell.c:22)
==24749==    by 0x110252: main_loop (sources/minishell.c:45)
==24749==    by 0x1101E7: main (sources/minishell.c:65)
==24749== 
==24749== 792 bytes in 1 blocks are still reachable in loss record 53 of 100
==24749==    at 0x4846828: malloc (in /usr/libexec/valgrind/vgpreload_memcheck-amd64-linux.so)
==24749==    by 0x10B779: copy_envp (sources/utils/utils_set.c:76)
==24749==    by 0x10B81C: set_data (sources/utils/utils_set.c:90)
==24749==    by 0x1101DE: main (sources/minishell.c:64)
==24749== 
==24749== 5,802 bytes in 96 blocks are still reachable in loss record 86 of 100
==24749==    at 0x4846828: malloc (in /usr/libexec/valgrind/vgpreload_memcheck-amd64-linux.so)
==24749==    by 0x1118E8: ft_strdup (in /home/wojti/Desktop/minishell- final- 2/minishell)
==24749==    by 0x10B7C1: copy_envp (sources/utils/utils_set.c:82)
==24749==    by 0x10B81C: set_data (sources/utils/utils_set.c:90)
==24749==    by 0x1101DE: main (sources/minishell.c:64)
==24749== 
==24749== LEAK SUMMARY:
==24749==    definitely lost: 0 bytes in 0 blocks
==24749==    indirectly lost: 0 bytes in 0 blocks
==24749==      possibly lost: 0 bytes in 0 blocks
==24749==    still reachable: 7,946 bytes in 154 blocks
==24749==         suppressed: 232,906 bytes in 238 blocks
==24749== 
==24749== ERROR SUMMARY: 0 errors from 0 contexts (suppressed: 0 from 0)
--24749-- 
--24749-- used_suppression:     74 <Readline> ./readline.supp:2 suppressed: 228,824 bytes in 234 blocks
--24749-- used_suppression:      4 <Readline/AddHistory> ./readline.supp:10 suppressed: 4,082 bytes in 4 blocks
==24749== 
==24749== ERROR SUMMARY: 0 errors from 0 contexts (suppressed: 0 from 0)
==24750== 
==24750== HEAP SUMMARY:
==24750==     in use at exit: 240,852 bytes in 392 blocks
==24750==   total heap usage: 684 allocs, 292 frees, 279,683 bytes allocated
==24750== 
==24750== Searching for pointers to 392 not-freed blocks
==24750== Checked 289,128 bytes
==24750== 
==24750== 4 bytes in 1 blocks are still reachable in loss record 1 of 98
==24750==    at 0x4846828: malloc (in /usr/libexec/valgrind/vgpreload_memcheck-amd64-linux.so)
==24750==    by 0x10BAF5: set_parsing (sources/utils/set_parsing.c:113)
==24750==    by 0x10EC8C: parsing (sources/parsing/parsing.c:26)
==24750==    by 0x1102A4: process_input (sources/minishell.c:22)
==24750==    by 0x110252: main_loop (sources/minishell.c:45)
==24750==    by 0x1101E7: main (sources/minishell.c:65)
==24750== 
==24750== 4 bytes in 1 blocks are still reachable in loss record 2 of 98
==24750==    at 0x4846828: malloc (in /usr/libexec/valgrind/vgpreload_memcheck-amd64-linux.so)
==24750==    by 0x111E06: ft_substr (in /home/wojti/Desktop/minishell- final- 2/minishell)
==24750==    by 0x10D12C: set_words_tab (sources/parsing/parsing_tokens_words.c:94)
==24750==    by 0x10F3AB: tokenize (sources/parsing/parsing_tokens.c:72)
==24750==    by 0x10EC99: parsing (sources/parsing/parsing.c:27)
==24750==    by 0x1102A4: process_input (sources/minishell.c:22)
==24750==    by 0x110252: main_loop (sources/minishell.c:45)
==24750==    by 0x1101E7: main (sources/minishell.c:65)
==24750== 
==24750== 7 bytes in 2 blocks are still reachable in loss record 3 of 98
==24750==    at 0x4846828: malloc (in /usr/libexec/valgrind/vgpreload_memcheck-amd64-linux.so)
==24750==    by 0x10EB70: alloc_proc_text (sources/parsing/process_text_copy_utils.c:17)
==24750==    by 0x10E5CD: copy_text (sources/parsing/process_text_copy.c:77)
==24750==    by 0x10D527: process_text (sources/parsing/process_text.c:121)
==24750==    by 0x10ECDC: parsing (sources/parsing/parsing.c:30)
==24750==    by 0x1102A4: process_input (sources/minishell.c:22)
==24750==    by 0x110252: main_loop (sources/minishell.c:45)
==24750==    by 0x1101E7: main (sources/minishell.c:65)
==24750== 
==24750== 9 bytes in 3 blocks are still reachable in loss record 7 of 98
==24750==    at 0x4846828: malloc (in /usr/libexec/valgrind/vgpreload_memcheck-amd64-linux.so)
==24750==    by 0x111E06: ft_substr (in /home/wojti/Desktop/minishell- final- 2/minishell)
==24750==    by 0x10D3EF: process_separator (sources/parsing/parsing_tokens_words.c:59)
==24750==    by 0x10D0F3: set_words_tab (sources/parsing/parsing_tokens_words.c:91)
==24750==    by 0x10F3AB: tokenize (sources/parsing/parsing_tokens.c:72)
==24750==    by 0x10EC99: parsing (sources/parsing/parsing.c:27)
==24750==    by 0x1102A4: process_input (sources/minishell.c:22)
==24750==    by 0x110252: main_loop (sources/minishell.c:45)
==24750==    by 0x1101E7: main (sources/minishell.c:65)
==24750== 
==24750== 9 bytes in 3 blocks are still reachable in loss record 8 of 98
==24750==    at 0x4846828: malloc (in /usr/libexec/valgrind/vgpreload_memcheck-amd64-linux.so)
==24750==    by 0x1118E8: ft_strdup (in /home/wojti/Desktop/minishell- final- 2/minishell)
==24750==    by 0x10E07B: handle_pipe_operator (sources/parsing/push_to_exec2.c:29)
==24750==    by 0x10DFB2: push_to_exec (sources/parsing/push_to_exec2.c:68)
==24750==    by 0x10ECF6: parsing (sources/parsing/parsing.c:31)
==24750==    by 0x1102A4: process_input (sources/minishell.c:22)
==24750==    by 0x110252: main_loop (sources/minishell.c:45)
==24750==    by 0x1101E7: main (sources/minishell.c:65)
==24750== 
==24750== 14 bytes in 4 blocks are still reachable in loss record 17 of 98
==24750==    at 0x4846828: malloc (in /usr/libexec/valgrind/vgpreload_memcheck-amd64-linux.so)
==24750==    by 0x1118E8: ft_strdup (in /home/wojti/Desktop/minishell- final- 2/minishell)
==24750==    by 0x10FAA8: setup_exec_cmd (sources/parsing/command_parsing_utils.c:91)
==24750==    by 0x10EFB7: collect_args_and_redirections (sources/parsing/push_to_exec.c:57)
==24750==    by 0x10ED61: parse_command_with_redirections (sources/parsing/push_to_exec.c:89)
==24750==    by 0x10DF86: push_to_exec (sources/parsing/push_to_exec2.c:63)
==24750==    by 0x10ECF6: parsing (sources/parsing/parsing.c:31)
==24750==    by 0x1102A4: process_input (sources/minishell.c:22)
==24750==    by 0x110252: main_loop (sources/minishell.c:45)
==24750==    by 0x1101E7: main (sources/minishell.c:65)
==24750== 
==24750== 16 bytes in 2 blocks are still reachable in loss record 20 of 98
==24750==    at 0x4846828: malloc (in /usr/libexec/valgrind/vgpreload_memcheck-amd64-linux.so)
==24750==    by 0x10DEE1: alloc_env_var (sources/parsing/envp_handler_utils.c:92)
==24750==    by 0x10E806: envp_handler (sources/parsing/envp_handler.c:65)
==24750==    by 0x10D4E7: process_text (sources/parsing/process_text.c:115)
==24750==    by 0x10ECDC: parsing (sources/parsing/parsing.c:30)
==24750==    by 0x1102A4: process_input (sources/minishell.c:22)
==24750==    by 0x110252: main_loop (sources/minishell.c:45)
==24750==    by 0x1101E7: main (sources/minishell.c:65)
==24750== 
==24750== 17 bytes in 5 blocks are still reachable in loss record 21 of 98
==24750==    at 0x4846828: malloc (in /usr/libexec/valgrind/vgpreload_memcheck-amd64-linux.so)
==24750==    by 0x111E06: ft_substr (in /home/wojti/Desktop/minishell- final- 2/minishell)
==24750==    by 0x10D35B: process_separator (sources/parsing/parsing_tokens_words.c:51)
==24750==    by 0x10D0F3: set_words_tab (sources/parsing/parsing_tokens_words.c:91)
==24750==    by 0x10F3AB: tokenize (sources/parsing/parsing_tokens.c:72)
==24750==    by 0x10EC99: parsing (sources/parsing/parsing.c:27)
==24750==    by 0x1102A4: process_input (sources/minishell.c:22)
==24750==    by 0x110252: main_loop (sources/minishell.c:45)
==24750==    by 0x1101E7: main (sources/minishell.c:65)
==24750== 
==24750== 21 bytes in 6 blocks are still reachable in loss record 23 of 98
==24750==    at 0x4846828: malloc (in /usr/libexec/valgrind/vgpreload_memcheck-amd64-linux.so)
==24750==    by 0x1118E8: ft_strdup (in /home/wojti/Desktop/minishell- final- 2/minishell)
==24750==    by 0x10F9EF: process_token_in_args (sources/parsing/command_parsing_utils.c:55)
==24750==    by 0x10F958: fill_args_array (sources/parsing/command_parsing_utils.c:77)
==24750==    by 0x10EF75: collect_args_and_redirections (sources/parsing/push_to_exec.c:50)
==24750==    by 0x10ED61: parse_command_with_redirections (sources/parsing/push_to_exec.c:89)
==24750==    by 0x10DF86: push_to_exec (sources/parsing/push_to_exec2.c:63)
==24750==    by 0x10ECF6: parsing (sources/parsing/parsing.c:31)
==24750==    by 0x1102A4: process_input (sources/minishell.c:22)
==24750==    by 0x110252: main_loop (sources/minishell.c:45)
==24750==    by 0x1101E7: main (sources/minishell.c:65)
==24750== 
==24750== 23 bytes in 7 blocks are still reachable in loss record 24 of 98
==24750==    at 0x4846828: malloc (in /usr/libexec/valgrind/vgpreload_memcheck-amd64-linux.so)
==24750==    by 0x1118E8: ft_strdup (in /home/wojti/Desktop/minishell- final- 2/minishell)
==24750==    by 0x10D4A8: process_text (sources/parsing/process_text.c:109)
==24750==    by 0x10ECDC: parsing (sources/parsing/parsing.c:30)
==24750==    by 0x1102A4: process_input (sources/minishell.c:22)
==24750==    by 0x110252: main_loop (sources/minishell.c:45)
==24750==    by 0x1101E7: main (sources/minishell.c:65)
==24750== 
==24750== 40 bytes in 1 blocks are still reachable in loss record 30 of 98
==24750==    at 0x4846828: malloc (in /usr/libexec/valgrind/vgpreload_memcheck-amd64-linux.so)
==24750==    by 0x1113FD: init_pipeline_vars (sources/exec/exec_pipeline_helpers.c:18)
==24750==    by 0x111067: pipeline_loop (sources/exec/exec_pipeline_utils.c:110)
==24750==    by 0x1108AF: execute_pipeline (sources/exec/exec.c:109)
==24750==    by 0x1102AD: process_input (sources/minishell.c:23)
==24750==    by 0x110252: main_loop (sources/minishell.c:45)
==24750==    by 0x1101E7: main (sources/minishell.c:65)
==24750== 
==24750== 48 bytes in 1 blocks are still reachable in loss record 33 of 98
==24750==    at 0x4846828: malloc (in /usr/libexec/valgrind/vgpreload_memcheck-amd64-linux.so)
==24750==    by 0x10B851: alloc_parsing (sources/utils/utils_set.c:39)
==24750==    by 0x10B821: set_data (sources/utils/utils_set.c:91)
==24750==    by 0x1101DE: main (sources/minishell.c:64)
==24750== 
==24750== 72 bytes in 1 blocks are still reachable in loss record 35 of 98
==24750==    at 0x4846828: malloc (in /usr/libexec/valgrind/vgpreload_memcheck-amd64-linux.so)
==24750==    by 0x10B691: alloc_exec (sources/utils/utils_set.c:53)
==24750==    by 0x110290: process_input (sources/minishell.c:21)
==24750==    by 0x110252: main_loop (sources/minishell.c:45)
==24750==    by 0x1101E7: main (sources/minishell.c:65)
==24750== 
==24750== 80 bytes in 1 blocks are still reachable in loss record 37 of 98
==24750==    at 0x4846828: malloc (in /usr/libexec/valgrind/vgpreload_memcheck-amd64-linux.so)
==24750==    by 0x10BC25: alloc_tokens (sources/utils/set_parsing.c:81)
==24750==    by 0x10BB44: set_parsing (sources/utils/set_parsing.c:118)
==24750==    by 0x10EC8C: parsing (sources/parsing/parsing.c:26)
==24750==    by 0x1102A4: process_input (sources/minishell.c:22)
==24750==    by 0x110252: main_loop (sources/minishell.c:45)
==24750==    by 0x1101E7: main (sources/minishell.c:65)
==24750== 
==24750== 80 bytes in 1 blocks are still reachable in loss record 38 of 98
==24750==    at 0x4846828: malloc (in /usr/libexec/valgrind/vgpreload_memcheck-amd64-linux.so)
==24750==    by 0x10CFD1: set_words_tab (sources/parsing/parsing_tokens_words.c:77)
==24750==    by 0x10F3AB: tokenize (sources/parsing/parsing_tokens.c:72)
==24750==    by 0x10EC99: parsing (sources/parsing/parsing.c:27)
==24750==    by 0x1102A4: process_input (sources/minishell.c:22)
==24750==    by 0x110252: main_loop (sources/minishell.c:45)
==24750==    by 0x1101E7: main (sources/minishell.c:65)
==24750== 
==24750== 80 bytes in 4 blocks are still reachable in loss record 39 of 98
==24750==    at 0x4846828: malloc (in /usr/libexec/valgrind/vgpreload_memcheck-amd64-linux.so)
==24750==    by 0x10EF47: collect_args_and_redirections (sources/parsing/push_to_exec.c:47)
==24750==    by 0x10ED61: parse_command_with_redirections (sources/parsing/push_to_exec.c:89)
==24750==    by 0x10DF86: push_to_exec (sources/parsing/push_to_exec2.c:63)
==24750==    by 0x10ECF6: parsing (sources/parsing/parsing.c:31)
==24750==    by 0x1102A4: process_input (sources/minishell.c:22)
==24750==    by 0x110252: main_loop (sources/minishell.c:45)
==24750==    by 0x1101E7: main (sources/minishell.c:65)
==24750== 
==24750== 216 bytes in 3 blocks are still reachable in loss record 45 of 98
==24750==    at 0x4846828: malloc (in /usr/libexec/valgrind/vgpreload_memcheck-amd64-linux.so)
==24750==    by 0x10B691: alloc_exec (sources/utils/utils_set.c:53)
==24750==    by 0x10E08D: handle_pipe_operator (sources/parsing/push_to_exec2.c:30)
==24750==    by 0x10DFB2: push_to_exec (sources/parsing/push_to_exec2.c:68)
==24750==    by 0x10ECF6: parsing (sources/parsing/parsing.c:31)
==24750==    by 0x1102A4: process_input (sources/minishell.c:22)
==24750==    by 0x110252: main_loop (sources/minishell.c:45)
==24750==    by 0x1101E7: main (sources/minishell.c:65)
==24750== 
==24750== 504 bytes in 9 blocks are still reachable in loss record 47 of 98
==24750==    at 0x4846828: malloc (in /usr/libexec/valgrind/vgpreload_memcheck-amd64-linux.so)
==24750==    by 0x10BC80: alloc_tokens (sources/utils/set_parsing.c:89)
==24750==    by 0x10BB44: set_parsing (sources/utils/set_parsing.c:118)
==24750==    by 0x10EC8C: parsing (sources/parsing/parsing.c:26)
==24750==    by 0x1102A4: process_input (sources/minishell.c:22)
==24750==    by 0x110252: main_loop (sources/minishell.c:45)
==24750==    by 0x1101E7: main (sources/minishell.c:65)
==24750== 
==24750== 792 bytes in 1 blocks are still reachable in loss record 51 of 98
==24750==    at 0x4846828: malloc (in /usr/libexec/valgrind/vgpreload_memcheck-amd64-linux.so)
==24750==    by 0x10B779: copy_envp (sources/utils/utils_set.c:76)
==24750==    by 0x10B81C: set_data (sources/utils/utils_set.c:90)
==24750==    by 0x1101DE: main (sources/minishell.c:64)
==24750== 
==24750== 5,910 bytes in 98 blocks are still reachable in loss record 84 of 98
==24750==    at 0x4846828: malloc (in /usr/libexec/valgrind/vgpreload_memcheck-amd64-linux.so)
==24750==    by 0x1118E8: ft_strdup (in /home/wojti/Desktop/minishell- final- 2/minishell)
==24750==    by 0x10B7C1: copy_envp (sources/utils/utils_set.c:82)
==24750==    by 0x10B81C: set_data (sources/utils/utils_set.c:90)
==24750==    by 0x1101DE: main (sources/minishell.c:64)
==24750== 
==24750== LEAK SUMMARY:
==24750==    definitely lost: 0 bytes in 0 blocks
==24750==    indirectly lost: 0 bytes in 0 blocks
==24750==      possibly lost: 0 bytes in 0 blocks
==24750==    still reachable: 7,946 bytes in 154 blocks
==24750==         suppressed: 232,906 bytes in 238 blocks
==24750== 
==24750== ERROR SUMMARY: 0 errors from 0 contexts (suppressed: 0 from 0)
--24750-- 
--24750-- used_suppression:     74 <Readline> ./readline.supp:2 suppressed: 228,824 bytes in 234 blocks
--24750-- used_suppression:      4 <Readline/AddHistory> ./readline.supp:10 suppressed: 4,082 bytes in 4 blocks
==24750== 
==24750== ERROR SUMMARY: 0 errors from 0 contexts (suppressed: 0 from 0)
==24726== 
==24726== HEAP SUMMARY:
==24726==     in use at exit: 232,810 bytes in 234 blocks
==24726==   total heap usage: 686 allocs, 452 frees, 275,591 bytes allocated
==24726== 
==24726== Searching for pointers to 234 not-freed blocks
==24726== Checked 281,288 bytes
==24726== 
==24726== LEAK SUMMARY:
==24726==    definitely lost: 0 bytes in 0 blocks
==24726==    indirectly lost: 0 bytes in 0 blocks
==24726==      possibly lost: 0 bytes in 0 blocks
==24726==    still reachable: 0 bytes in 0 blocks
==24726==         suppressed: 232,810 bytes in 234 blocks
==24726== 
==24726== ERROR SUMMARY: 0 errors from 0 contexts (suppressed: 0 from 0)
--24726-- 
--24726-- used_suppression:     73 <Readline> ./readline.supp:2 suppressed: 228,794 bytes in 233 blocks
--24726-- used_suppression:      1 <Readline/AddHistory> ./readline.supp:10 suppressed: 4,016 bytes in 1 blocks
==24726== 
==24726== ERROR SUMMARY: 0 errors from 0 contexts (suppressed: 0 from 0)
