==24391== Memcheck, a memory error detector
==24391== Copyright (C) 2002-2022, and GNU GPL'd, by Julian Seward et al.
==24391== Using Valgrind-3.22.0-bd4db67b1d-20231031 and LibVEX; rerun with -h for copyright info
==24391== Command: ./minishell
==24391== Parent PID: 24390
==24391== 
--24391-- 
--24391-- Valgrind options:
--24391--    --leak-check=full
--24391--    --show-leak-kinds=all
--24391--    --track-origins=yes
--24391--    --verbose
--24391--    --log-file=valgrind_logs/pipe_with_redirect.log
--24391--    --suppressions=./readline.supp
--24391-- Contents of /proc/version:
--24391--   Linux version 6.14.0-27-generic (buildd@lcy02-amd64-120) (x86_64-linux-gnu-gcc-13 (Ubuntu 13.3.0-6ubuntu2~24.04) 13.3.0, GNU ld (GNU Binutils for Ubuntu) 2.42) #27~24.04.1-Ubuntu SMP PREEMPT_DYNAMIC Tue Jul 22 17:38:49 UTC 2
--24391-- 
--24391-- Arch and hwcaps: AMD64, LittleEndian, amd64-cx16-lzcnt-rdtscp-sse3-ssse3-avx-avx2-bmi-f16c-rdrand-rdseed
--24391-- Page sizes: currently 4096, max supported 4096
--24391-- Valgrind library directory: /usr/libexec/valgrind
--24391-- Reading syms from /home/wojti/Desktop/minishell- final- 2/minishell
--24391-- Reading syms from /usr/lib/x86_64-linux-gnu/ld-linux-x86-64.so.2
--24391--   Considering /usr/lib/debug/.build-id/28/1ac1521b4102509b1c7ac7004db7c1efb81796.debug ..
--24391--   .. build-id is valid
--24391-- Reading syms from /usr/libexec/valgrind/memcheck-amd64-linux
--24391--    object doesn't have a dynamic symbol table
--24391-- Scheduler: using generic scheduler lock implementation.
--24391-- Reading suppressions file: ./readline.supp
--24391-- Reading suppressions file: /usr/libexec/valgrind/default.supp
==24391== embedded gdbserver: reading from /tmp/vgdb-pipe-from-vgdb-to-24391-by-wojti-on-???
==24391== embedded gdbserver: writing to   /tmp/vgdb-pipe-to-vgdb-from-24391-by-wojti-on-???
==24391== embedded gdbserver: shared mem   /tmp/vgdb-pipe-shared-mem-vgdb-24391-by-wojti-on-???
==24391== 
==24391== TO CONTROL THIS PROCESS USING vgdb (which you probably
==24391== don't want to do, unless you know exactly what you're doing,
==24391== or are doing some strange experiment):
==24391==   /usr/bin/vgdb --pid=24391 ...command...
==24391== 
==24391== TO DEBUG THIS PROCESS USING GDB: start GDB like this
==24391==   /path/to/gdb ./minishell
==24391== and then give GDB the following command
==24391==   target remote | /usr/bin/vgdb --pid=24391
==24391== --pid is optional if only one valgrind process is running
==24391== 
--24391-- REDIR: 0x4028b00 (ld-linux-x86-64.so.2:strlen) redirected to 0x580c2e1a (???)
--24391-- REDIR: 0x40272b0 (ld-linux-x86-64.so.2:index) redirected to 0x580c2e34 (???)
--24391-- Reading syms from /usr/libexec/valgrind/vgpreload_core-amd64-linux.so
--24391-- Reading syms from /usr/libexec/valgrind/vgpreload_memcheck-amd64-linux.so
==24391== WARNING: new redirection conflicts with existing -- ignoring it
--24391--     old: 0x04028b00 (strlen              ) R-> (0000.0) 0x580c2e1a ???
--24391--     new: 0x04028b00 (strlen              ) R-> (2007.0) 0x0484f340 strlen
--24391-- REDIR: 0x40274e0 (ld-linux-x86-64.so.2:strcmp) redirected to 0x4850460 (strcmp)
--24391-- REDIR: 0x4026910 (ld-linux-x86-64.so.2:mempcpy) redirected to 0x4853cd0 (mempcpy)
--24391-- Reading syms from /usr/lib/x86_64-linux-gnu/libreadline.so.8.2
--24391-- Reading syms from /usr/lib/x86_64-linux-gnu/libtinfo.so.6.4
--24391-- Reading syms from /usr/lib/x86_64-linux-gnu/libncurses.so.6.4
--24391-- Reading syms from /usr/lib/x86_64-linux-gnu/libc.so.6
--24391--   Considering /usr/lib/debug/.build-id/28/2c2c16e7b6600b0b22ea0c99010d2795752b5f.debug ..
--24391--   .. build-id is valid
--24391-- REDIR: 0x4028ca0 (ld-linux-x86-64.so.2:strncmp) redirected to 0x484fc90 (strncmp)
--24391-- REDIR: 0x49d5050 (libc.so.6:strnlen) redirected to 0x483d1c0 (_vgnU_ifunc_wrapper)
--24391-- REDIR: 0x49d50e0 (libc.so.6:strpbrk) redirected to 0x483d1c0 (_vgnU_ifunc_wrapper)
--24391-- REDIR: 0x49d31a0 (libc.so.6:strcmp) redirected to 0x483d1c0 (_vgnU_ifunc_wrapper)
--24391-- REDIR: 0x49ec3b0 (libc.so.6:wcsnlen) redirected to 0x483d1c0 (_vgnU_ifunc_wrapper)
--24391-- REDIR: 0x49d2290 (libc.so.6:memset) redirected to 0x483d1c0 (_vgnU_ifunc_wrapper)
--24391-- REDIR: 0x49ebb20 (libc.so.6:wcslen) redirected to 0x483d1c0 (_vgnU_ifunc_wrapper)
--24391-- REDIR: 0x4a573c0 (libc.so.6:__memcpy_chk) redirected to 0x483d1c0 (_vgnU_ifunc_wrapper)
--24391-- REDIR: 0x49d2200 (libc.so.6:memrchr) redirected to 0x483d1c0 (_vgnU_ifunc_wrapper)
--24391-- REDIR: 0x49ec350 (libc.so.6:wcsncpy) redirected to 0x483d1c0 (_vgnU_ifunc_wrapper)
--24391-- REDIR: 0x49d1720 (libc.so.6:memcpy@@GLIBC_2.14) redirected to 0x483d1c0 (_vgnU_ifunc_wrapper)
--24391-- REDIR: 0x49ea8e0 (libc.so.6:wcschr) redirected to 0x483d1c0 (_vgnU_ifunc_wrapper)
--24391-- REDIR: 0x49d3090 (libc.so.6:index) redirected to 0x483d1c0 (_vgnU_ifunc_wrapper)
--24391-- REDIR: 0x49d5110 (libc.so.6:rindex) redirected to 0x483d1c0 (_vgnU_ifunc_wrapper)
--24391-- REDIR: 0x49ea990 (libc.so.6:wcscmp) redirected to 0x483d1c0 (_vgnU_ifunc_wrapper)
--24391-- REDIR: 0x49d24b0 (libc.so.6:stpncpy) redirected to 0x483d1c0 (_vgnU_ifunc_wrapper)
--24391-- REDIR: 0x49f8eb0 (libc.so.6:wmemchr) redirected to 0x483d1c0 (_vgnU_ifunc_wrapper)
--24391-- REDIR: 0x49d4ef0 (libc.so.6:strncmp) redirected to 0x483d1c0 (_vgnU_ifunc_wrapper)
--24391-- REDIR: 0x49d2510 (libc.so.6:strcasecmp) redirected to 0x483d1c0 (_vgnU_ifunc_wrapper)
--24391-- REDIR: 0x49d4310 (libc.so.6:strcspn) redirected to 0x483d1c0 (_vgnU_ifunc_wrapper)
--24391-- REDIR: 0x49eb8f0 (libc.so.6:wcscpy) redirected to 0x483d1c0 (_vgnU_ifunc_wrapper)
--24391-- REDIR: 0x49d3020 (libc.so.6:strcat) redirected to 0x483d1c0 (_vgnU_ifunc_wrapper)
--24391-- REDIR: 0x49d4df0 (libc.so.6:strncasecmp_l) redirected to 0x483d1c0 (_vgnU_ifunc_wrapper)
--24391-- REDIR: 0x49d3110 (libc.so.6:strchrnul) redirected to 0x483d1c0 (_vgnU_ifunc_wrapper)
--24391-- REDIR: 0x49d1630 (libc.so.6:bcmp) redirected to 0x483d1c0 (_vgnU_ifunc_wrapper)
--24391-- REDIR: 0x49d42a0 (libc.so.6:strcpy) redirected to 0x483d1c0 (_vgnU_ifunc_wrapper)
--24391-- REDIR: 0x49d25b0 (libc.so.6:strcasecmp_l) redirected to 0x483d1c0 (_vgnU_ifunc_wrapper)
--24391-- REDIR: 0x49d4cc0 (libc.so.6:strlen) redirected to 0x483d1c0 (_vgnU_ifunc_wrapper)
--24391-- REDIR: 0x49d4f90 (libc.so.6:strncpy) redirected to 0x483d1c0 (_vgnU_ifunc_wrapper)
--24391-- REDIR: 0x49f8f30 (libc.so.6:wmemcmp) redirected to 0x483d1c0 (_vgnU_ifunc_wrapper)
--24391-- REDIR: 0x4a574e0 (libc.so.6:__memmove_chk) redirected to 0x483d1c0 (_vgnU_ifunc_wrapper)
==24391== WARNING: new redirection conflicts with existing -- ignoring it
--24391--     old: 0x04aa89d0 (__memcpy_chk_avx_una) R-> (2030.0) 0x04853dd0 __memcpy_chk
--24391--     new: 0x04aa89d0 (__memcpy_chk_avx_una) R-> (2024.0) 0x04853740 __memmove_chk
--24391-- REDIR: 0x49d2440 (libc.so.6:stpcpy) redirected to 0x483d1c0 (_vgnU_ifunc_wrapper)
--24391-- REDIR: 0x49d1fc0 (libc.so.6:memmove) redirected to 0x483d1c0 (_vgnU_ifunc_wrapper)
==24391== Preferring higher priority redirection:
--24391--     old: 0x04aa8a00 (__memcpy_avx_unalign) R-> (2018.0) 0x04851580 __memcpy_avx_unaligned_erms
--24391--     new: 0x04aa8a00 (__memcpy_avx_unalign) R-> (2018.1) 0x04852d60 memmove
--24391-- REDIR: 0x49d15b0 (libc.so.6:memchr) redirected to 0x483d1c0 (_vgnU_ifunc_wrapper)
--24391-- REDIR: 0x49d52e0 (libc.so.6:strspn) redirected to 0x483d1c0 (_vgnU_ifunc_wrapper)
--24391-- REDIR: 0x49d20e0 (libc.so.6:mempcpy) redirected to 0x483d1c0 (_vgnU_ifunc_wrapper)
--24391-- REDIR: 0x49d4d50 (libc.so.6:strncasecmp) redirected to 0x483d1c0 (_vgnU_ifunc_wrapper)
--24391-- REDIR: 0x49d4e90 (libc.so.6:strncat) redirected to 0x483d1c0 (_vgnU_ifunc_wrapper)
--24391-- REDIR: 0x49d5ba0 (libc.so.6:strstr) redirected to 0x483d1c0 (_vgnU_ifunc_wrapper)
--24391-- REDIR: 0x4aad5f0 (libc.so.6:__strrchr_avx2) redirected to 0x484ed20 (rindex)
--24391-- REDIR: 0x49cd650 (libc.so.6:malloc) redirected to 0x48467b0 (malloc)
--24391-- REDIR: 0x4aab740 (libc.so.6:__strlen_avx2) redirected to 0x484f220 (strlen)
--24391-- REDIR: 0x4aa8a00 (libc.so.6:__memcpy_avx_unaligned_erms) redirected to 0x4852d60 (memmove)
--24391-- REDIR: 0x4aac820 (libc.so.6:__strncmp_avx2) redirected to 0x484fab0 (strncmp)
--24391-- REDIR: 0x4aaada0 (libc.so.6:__strchrnul_avx2) redirected to 0x48537b0 (strchrnul)
--24391-- REDIR: 0x496ad30 (libc.so.6:setenv) redirected to 0x48547d0 (setenv)
--24391-- REDIR: 0x4aaab60 (libc.so.6:__strchr_avx2) redirected to 0x484ef00 (index)
--24391-- REDIR: 0x49ce0a0 (libc.so.6:realloc) redirected to 0x484db00 (realloc)
--24391-- REDIR: 0x4aa89d0 (libc.so.6:__memcpy_chk_avx_unaligned_erms) redirected to 0x4853dd0 (__memcpy_chk)
--24391-- REDIR: 0x4aa89c0 (libc.so.6:__mempcpy_avx_unaligned_erms) redirected to 0x48538d0 (mempcpy)
--24391-- REDIR: 0x4aaaf90 (libc.so.6:__strcmp_avx2) redirected to 0x4850360 (strcmp)
--24391-- REDIR: 0x49ce7a0 (libc.so.6:calloc) redirected to 0x484d8a0 (calloc)
--24391-- REDIR: 0x4aad320 (libc.so.6:__strnlen_avx2) redirected to 0x484f1c0 (strnlen)
--24391-- REDIR: 0x49cdd30 (libc.so.6:free) redirected to 0x4849820 (free)
--24391-- REDIR: 0x4aab4f0 (libc.so.6:__strcpy_avx2) redirected to 0x484f370 (strcpy)
--24391-- REDIR: 0x4aa9400 (libc.so.6:__memset_avx2_unaligned_erms) redirected to 0x4852c50 (memset)
--24391-- REDIR: 0x4aace80 (libc.so.6:__strncpy_avx2) redirected to 0x484f4f0 (strncpy)
--24391-- REDIR: 0x4aa8000 (libc.so.6:__memchr_avx2) redirected to 0x48504e0 (memchr)
--24391-- REDIR: 0x4aa9e50 (libc.so.6:__strcasecmp_l_avx2) redirected to 0x484ff70 (strcasecmp_l)
--24391-- REDIR: 0x4aa96b0 (libc.so.6:__stpcpy_avx2) redirected to 0x48525a0 (stpcpy)
--24391-- REDIR: 0x4aa9e40 (libc.so.6:__strcasecmp_avx2) redirected to 0x484fcf0 (strcasecmp)
--24391-- REDIR: 0x4aab8c0 (libc.so.6:__strncasecmp_avx2) redirected to 0x484fdd0 (strncasecmp)
--24391-- REDIR: 0x4aa82a0 (libc.so.6:__memcmp_avx2_movbe) redirected to 0x4852480 (bcmp)
==24393== 
==24393== HEAP SUMMARY:
==24393==     in use at exit: 240,505 bytes in 375 blocks
==24393==   total heap usage: 665 allocs, 290 frees, 275,204 bytes allocated
==24393== 
==24393== Searching for pointers to 375 not-freed blocks
==24393== Checked 288,872 bytes
==24393== 
==24393== 2 bytes in 1 blocks are still reachable in loss record 1 of 100
==24393==    at 0x4846828: malloc (in /usr/libexec/valgrind/vgpreload_memcheck-amd64-linux.so)
==24393==    by 0x1118E8: ft_strdup (in /home/wojti/Desktop/minishell- final- 2/minishell)
==24393==    by 0x10E07B: handle_pipe_operator (sources/parsing/push_to_exec2.c:29)
==24393==    by 0x10DFB2: push_to_exec (sources/parsing/push_to_exec2.c:68)
==24393==    by 0x10ECF6: parsing (sources/parsing/parsing.c:31)
==24393==    by 0x1102A4: process_input (sources/minishell.c:22)
==24393==    by 0x110252: main_loop (sources/minishell.c:45)
==24393==    by 0x1101E7: main (sources/minishell.c:65)
==24393== 
==24393== 4 bytes in 1 blocks are still reachable in loss record 2 of 100
==24393==    at 0x4846828: malloc (in /usr/libexec/valgrind/vgpreload_memcheck-amd64-linux.so)
==24393==    by 0x10BAF5: set_parsing (sources/utils/set_parsing.c:113)
==24393==    by 0x10EC8C: parsing (sources/parsing/parsing.c:26)
==24393==    by 0x1102A4: process_input (sources/minishell.c:22)
==24393==    by 0x110252: main_loop (sources/minishell.c:45)
==24393==    by 0x1101E7: main (sources/minishell.c:65)
==24393== 
==24393== 4 bytes in 2 blocks are still reachable in loss record 3 of 100
==24393==    at 0x4846828: malloc (in /usr/libexec/valgrind/vgpreload_memcheck-amd64-linux.so)
==24393==    by 0x111E06: ft_substr (in /home/wojti/Desktop/minishell- final- 2/minishell)
==24393==    by 0x10D39B: process_separator (sources/parsing/parsing_tokens_words.c:54)
==24393==    by 0x10D0F3: set_words_tab (sources/parsing/parsing_tokens_words.c:91)
==24393==    by 0x10F3AB: tokenize (sources/parsing/parsing_tokens.c:72)
==24393==    by 0x10EC99: parsing (sources/parsing/parsing.c:27)
==24393==    by 0x1102A4: process_input (sources/minishell.c:22)
==24393==    by 0x110252: main_loop (sources/minishell.c:45)
==24393==    by 0x1101E7: main (sources/minishell.c:65)
==24393== 
==24393== 9 bytes in 2 blocks are still reachable in loss record 7 of 100
==24393==    at 0x4846828: malloc (in /usr/libexec/valgrind/vgpreload_memcheck-amd64-linux.so)
==24393==    by 0x1118E8: ft_strdup (in /home/wojti/Desktop/minishell- final- 2/minishell)
==24393==    by 0x10FAA8: setup_exec_cmd (sources/parsing/command_parsing_utils.c:91)
==24393==    by 0x10EFB7: collect_args_and_redirections (sources/parsing/push_to_exec.c:57)
==24393==    by 0x10ED61: parse_command_with_redirections (sources/parsing/push_to_exec.c:89)
==24393==    by 0x10DF86: push_to_exec (sources/parsing/push_to_exec2.c:63)
==24393==    by 0x10ECF6: parsing (sources/parsing/parsing.c:31)
==24393==    by 0x1102A4: process_input (sources/minishell.c:22)
==24393==    by 0x110252: main_loop (sources/minishell.c:45)
==24393==    by 0x1101E7: main (sources/minishell.c:65)
==24393== 
==24393== 9 bytes in 3 blocks are still reachable in loss record 8 of 100
==24393==    at 0x4846828: malloc (in /usr/libexec/valgrind/vgpreload_memcheck-amd64-linux.so)
==24393==    by 0x1118E8: ft_strdup (in /home/wojti/Desktop/minishell- final- 2/minishell)
==24393==    by 0x10D4A8: process_text (sources/parsing/process_text.c:109)
==24393==    by 0x10ECDC: parsing (sources/parsing/parsing.c:30)
==24393==    by 0x1102A4: process_input (sources/minishell.c:22)
==24393==    by 0x110252: main_loop (sources/minishell.c:45)
==24393==    by 0x1101E7: main (sources/minishell.c:65)
==24393== 
==24393== 14 bytes in 3 blocks are still reachable in loss record 17 of 100
==24393==    at 0x4846828: malloc (in /usr/libexec/valgrind/vgpreload_memcheck-amd64-linux.so)
==24393==    by 0x111E06: ft_substr (in /home/wojti/Desktop/minishell- final- 2/minishell)
==24393==    by 0x10D35B: process_separator (sources/parsing/parsing_tokens_words.c:51)
==24393==    by 0x10D0F3: set_words_tab (sources/parsing/parsing_tokens_words.c:91)
==24393==    by 0x10F3AB: tokenize (sources/parsing/parsing_tokens.c:72)
==24393==    by 0x10EC99: parsing (sources/parsing/parsing.c:27)
==24393==    by 0x1102A4: process_input (sources/minishell.c:22)
==24393==    by 0x110252: main_loop (sources/minishell.c:45)
==24393==    by 0x1101E7: main (sources/minishell.c:65)
==24393== 
==24393== 14 bytes in 3 blocks are still reachable in loss record 18 of 100
==24393==    at 0x4846828: malloc (in /usr/libexec/valgrind/vgpreload_memcheck-amd64-linux.so)
==24393==    by 0x1118E8: ft_strdup (in /home/wojti/Desktop/minishell- final- 2/minishell)
==24393==    by 0x10F9EF: process_token_in_args (sources/parsing/command_parsing_utils.c:55)
==24393==    by 0x10F958: fill_args_array (sources/parsing/command_parsing_utils.c:77)
==24393==    by 0x10EF75: collect_args_and_redirections (sources/parsing/push_to_exec.c:50)
==24393==    by 0x10ED61: parse_command_with_redirections (sources/parsing/push_to_exec.c:89)
==24393==    by 0x10DF86: push_to_exec (sources/parsing/push_to_exec2.c:63)
==24393==    by 0x10ECF6: parsing (sources/parsing/parsing.c:31)
==24393==    by 0x1102A4: process_input (sources/minishell.c:22)
==24393==    by 0x110252: main_loop (sources/minishell.c:45)
==24393==    by 0x1101E7: main (sources/minishell.c:65)
==24393== 
==24393== 16 bytes in 1 blocks are still reachable in loss record 21 of 100
==24393==    at 0x4846828: malloc (in /usr/libexec/valgrind/vgpreload_memcheck-amd64-linux.so)
==24393==    by 0x111E06: ft_substr (in /home/wojti/Desktop/minishell- final- 2/minishell)
==24393==    by 0x10D12C: set_words_tab (sources/parsing/parsing_tokens_words.c:94)
==24393==    by 0x10F3AB: tokenize (sources/parsing/parsing_tokens.c:72)
==24393==    by 0x10EC99: parsing (sources/parsing/parsing.c:27)
==24393==    by 0x1102A4: process_input (sources/minishell.c:22)
==24393==    by 0x110252: main_loop (sources/minishell.c:45)
==24393==    by 0x1101E7: main (sources/minishell.c:65)
==24393== 
==24393== 16 bytes in 1 blocks are still reachable in loss record 22 of 100
==24393==    at 0x4846828: malloc (in /usr/libexec/valgrind/vgpreload_memcheck-amd64-linux.so)
==24393==    by 0x1118E8: ft_strdup (in /home/wojti/Desktop/minishell- final- 2/minishell)
==24393==    by 0x10CC86: create_redirection (sources/parsing/redirection_utils.c:23)
==24393==    by 0x10CCFE: add_redirection (sources/parsing/redirection_utils.c:39)
==24393==    by 0x10CEFC: handle_redirection_token (sources/parsing/redirection_utils.c:78)
==24393==    by 0x10F073: process_redirections (sources/parsing/push_to_exec.c:26)
==24393==    by 0x10EF20: collect_args_and_redirections (sources/parsing/push_to_exec.c:45)
==24393==    by 0x10ED61: parse_command_with_redirections (sources/parsing/push_to_exec.c:89)
==24393==    by 0x10DF86: push_to_exec (sources/parsing/push_to_exec2.c:63)
==24393==    by 0x10ECF6: parsing (sources/parsing/parsing.c:31)
==24393==    by 0x1102A4: process_input (sources/minishell.c:22)
==24393==    by 0x110252: main_loop (sources/minishell.c:45)
==24393== 
==24393== 24 bytes in 3 blocks are still reachable in loss record 27 of 100
==24393==    at 0x4846828: malloc (in /usr/libexec/valgrind/vgpreload_memcheck-amd64-linux.so)
==24393==    by 0x10DEE1: alloc_env_var (sources/parsing/envp_handler_utils.c:92)
==24393==    by 0x10E806: envp_handler (sources/parsing/envp_handler.c:65)
==24393==    by 0x10D4E7: process_text (sources/parsing/process_text.c:115)
==24393==    by 0x10ECDC: parsing (sources/parsing/parsing.c:30)
==24393==    by 0x1102A4: process_input (sources/minishell.c:22)
==24393==    by 0x110252: main_loop (sources/minishell.c:45)
==24393==    by 0x1101E7: main (sources/minishell.c:65)
==24393== 
==24393== 25 bytes in 3 blocks are still reachable in loss record 28 of 100
==24393==    at 0x4846828: malloc (in /usr/libexec/valgrind/vgpreload_memcheck-amd64-linux.so)
==24393==    by 0x10EB70: alloc_proc_text (sources/parsing/process_text_copy_utils.c:17)
==24393==    by 0x10E5CD: copy_text (sources/parsing/process_text_copy.c:77)
==24393==    by 0x10D527: process_text (sources/parsing/process_text.c:121)
==24393==    by 0x10ECDC: parsing (sources/parsing/parsing.c:30)
==24393==    by 0x1102A4: process_input (sources/minishell.c:22)
==24393==    by 0x110252: main_loop (sources/minishell.c:45)
==24393==    by 0x1101E7: main (sources/minishell.c:65)
==24393== 
==24393== 32 bytes in 1 blocks are still reachable in loss record 29 of 100
==24393==    at 0x4846828: malloc (in /usr/libexec/valgrind/vgpreload_memcheck-amd64-linux.so)
==24393==    by 0x10CC58: create_redirection (sources/parsing/redirection_utils.c:19)
==24393==    by 0x10CCFE: add_redirection (sources/parsing/redirection_utils.c:39)
==24393==    by 0x10CEFC: handle_redirection_token (sources/parsing/redirection_utils.c:78)
==24393==    by 0x10F073: process_redirections (sources/parsing/push_to_exec.c:26)
==24393==    by 0x10EF20: collect_args_and_redirections (sources/parsing/push_to_exec.c:45)
==24393==    by 0x10ED61: parse_command_with_redirections (sources/parsing/push_to_exec.c:89)
==24393==    by 0x10DF86: push_to_exec (sources/parsing/push_to_exec2.c:63)
==24393==    by 0x10ECF6: parsing (sources/parsing/parsing.c:31)
==24393==    by 0x1102A4: process_input (sources/minishell.c:22)
==24393==    by 0x110252: main_loop (sources/minishell.c:45)
==24393==    by 0x1101E7: main (sources/minishell.c:65)
==24393== 
==24393== 40 bytes in 1 blocks are still reachable in loss record 32 of 100
==24393==    at 0x4846828: malloc (in /usr/libexec/valgrind/vgpreload_memcheck-amd64-linux.so)
==24393==    by 0x1113FD: init_pipeline_vars (sources/exec/exec_pipeline_helpers.c:18)
==24393==    by 0x111067: pipeline_loop (sources/exec/exec_pipeline_utils.c:110)
==24393==    by 0x1108AF: execute_pipeline (sources/exec/exec.c:109)
==24393==    by 0x1102AD: process_input (sources/minishell.c:23)
==24393==    by 0x110252: main_loop (sources/minishell.c:45)
==24393==    by 0x1101E7: main (sources/minishell.c:65)
==24393== 
==24393== 40 bytes in 2 blocks are still reachable in loss record 33 of 100
==24393==    at 0x4846828: malloc (in /usr/libexec/valgrind/vgpreload_memcheck-amd64-linux.so)
==24393==    by 0x10EF47: collect_args_and_redirections (sources/parsing/push_to_exec.c:47)
==24393==    by 0x10ED61: parse_command_with_redirections (sources/parsing/push_to_exec.c:89)
==24393==    by 0x10DF86: push_to_exec (sources/parsing/push_to_exec2.c:63)
==24393==    by 0x10ECF6: parsing (sources/parsing/parsing.c:31)
==24393==    by 0x1102A4: process_input (sources/minishell.c:22)
==24393==    by 0x110252: main_loop (sources/minishell.c:45)
==24393==    by 0x1101E7: main (sources/minishell.c:65)
==24393== 
==24393== 48 bytes in 1 blocks are still reachable in loss record 36 of 100
==24393==    at 0x4846828: malloc (in /usr/libexec/valgrind/vgpreload_memcheck-amd64-linux.so)
==24393==    by 0x10B851: alloc_parsing (sources/utils/utils_set.c:39)
==24393==    by 0x10B821: set_data (sources/utils/utils_set.c:91)
==24393==    by 0x1101DE: main (sources/minishell.c:64)
==24393== 
==24393== 56 bytes in 1 blocks are still reachable in loss record 38 of 100
==24393==    at 0x4846828: malloc (in /usr/libexec/valgrind/vgpreload_memcheck-amd64-linux.so)
==24393==    by 0x10BC25: alloc_tokens (sources/utils/set_parsing.c:81)
==24393==    by 0x10BB44: set_parsing (sources/utils/set_parsing.c:118)
==24393==    by 0x10EC8C: parsing (sources/parsing/parsing.c:26)
==24393==    by 0x1102A4: process_input (sources/minishell.c:22)
==24393==    by 0x110252: main_loop (sources/minishell.c:45)
==24393==    by 0x1101E7: main (sources/minishell.c:65)
==24393== 
==24393== 56 bytes in 1 blocks are still reachable in loss record 39 of 100
==24393==    at 0x4846828: malloc (in /usr/libexec/valgrind/vgpreload_memcheck-amd64-linux.so)
==24393==    by 0x10CFD1: set_words_tab (sources/parsing/parsing_tokens_words.c:77)
==24393==    by 0x10F3AB: tokenize (sources/parsing/parsing_tokens.c:72)
==24393==    by 0x10EC99: parsing (sources/parsing/parsing.c:27)
==24393==    by 0x1102A4: process_input (sources/minishell.c:22)
==24393==    by 0x110252: main_loop (sources/minishell.c:45)
==24393==    by 0x1101E7: main (sources/minishell.c:65)
==24393== 
==24393== 72 bytes in 1 blocks are still reachable in loss record 40 of 100
==24393==    at 0x4846828: malloc (in /usr/libexec/valgrind/vgpreload_memcheck-amd64-linux.so)
==24393==    by 0x10B691: alloc_exec (sources/utils/utils_set.c:53)
==24393==    by 0x110290: process_input (sources/minishell.c:21)
==24393==    by 0x110252: main_loop (sources/minishell.c:45)
==24393==    by 0x1101E7: main (sources/minishell.c:65)
==24393== 
==24393== 72 bytes in 1 blocks are still reachable in loss record 41 of 100
==24393==    at 0x4846828: malloc (in /usr/libexec/valgrind/vgpreload_memcheck-amd64-linux.so)
==24393==    by 0x10B691: alloc_exec (sources/utils/utils_set.c:53)
==24393==    by 0x10E08D: handle_pipe_operator (sources/parsing/push_to_exec2.c:30)
==24393==    by 0x10DFB2: push_to_exec (sources/parsing/push_to_exec2.c:68)
==24393==    by 0x10ECF6: parsing (sources/parsing/parsing.c:31)
==24393==    by 0x1102A4: process_input (sources/minishell.c:22)
==24393==    by 0x110252: main_loop (sources/minishell.c:45)
==24393==    by 0x1101E7: main (sources/minishell.c:65)
==24393== 
==24393== 336 bytes in 6 blocks are still reachable in loss record 49 of 100
==24393==    at 0x4846828: malloc (in /usr/libexec/valgrind/vgpreload_memcheck-amd64-linux.so)
==24393==    by 0x10BC80: alloc_tokens (sources/utils/set_parsing.c:89)
==24393==    by 0x10BB44: set_parsing (sources/utils/set_parsing.c:118)
==24393==    by 0x10EC8C: parsing (sources/parsing/parsing.c:26)
==24393==    by 0x1102A4: process_input (sources/minishell.c:22)
==24393==    by 0x110252: main_loop (sources/minishell.c:45)
==24393==    by 0x1101E7: main (sources/minishell.c:65)
==24393== 
==24393== 792 bytes in 1 blocks are still reachable in loss record 53 of 100
==24393==    at 0x4846828: malloc (in /usr/libexec/valgrind/vgpreload_memcheck-amd64-linux.so)
==24393==    by 0x10B779: copy_envp (sources/utils/utils_set.c:76)
==24393==    by 0x10B81C: set_data (sources/utils/utils_set.c:90)
==24393==    by 0x1101DE: main (sources/minishell.c:64)
==24393== 
==24393== 5,910 bytes in 98 blocks are still reachable in loss record 86 of 100
==24393==    at 0x4846828: malloc (in /usr/libexec/valgrind/vgpreload_memcheck-amd64-linux.so)
==24393==    by 0x1118E8: ft_strdup (in /home/wojti/Desktop/minishell- final- 2/minishell)
==24393==    by 0x10B7C1: copy_envp (sources/utils/utils_set.c:82)
==24393==    by 0x10B81C: set_data (sources/utils/utils_set.c:90)
==24393==    by 0x1101DE: main (sources/minishell.c:64)
==24393== 
==24393== LEAK SUMMARY:
==24393==    definitely lost: 0 bytes in 0 blocks
==24393==    indirectly lost: 0 bytes in 0 blocks
==24393==      possibly lost: 0 bytes in 0 blocks
==24393==    still reachable: 7,591 bytes in 137 blocks
==24393==         suppressed: 232,914 bytes in 238 blocks
==24393== 
==24393== ERROR SUMMARY: 0 errors from 0 contexts (suppressed: 0 from 0)
--24393-- 
--24393-- used_suppression:     74 <Readline> ./readline.supp:2 suppressed: 228,828 bytes in 234 blocks
--24393-- used_suppression:      4 <Readline/AddHistory> ./readline.supp:10 suppressed: 4,086 bytes in 4 blocks
==24393== 
==24393== ERROR SUMMARY: 0 errors from 0 contexts (suppressed: 0 from 0)
==24391== 
==24391== HEAP SUMMARY:
==24391==     in use at exit: 232,810 bytes in 234 blocks
==24391==   total heap usage: 669 allocs, 435 frees, 275,248 bytes allocated
==24391== 
==24391== Searching for pointers to 234 not-freed blocks
==24391== Checked 281,296 bytes
==24391== 
==24391== LEAK SUMMARY:
==24391==    definitely lost: 0 bytes in 0 blocks
==24391==    indirectly lost: 0 bytes in 0 blocks
==24391==      possibly lost: 0 bytes in 0 blocks
==24391==    still reachable: 0 bytes in 0 blocks
==24391==         suppressed: 232,810 bytes in 234 blocks
==24391== 
==24391== ERROR SUMMARY: 0 errors from 0 contexts (suppressed: 0 from 0)
--24391-- 
--24391-- used_suppression:     73 <Readline> ./readline.supp:2 suppressed: 228,794 bytes in 233 blocks
--24391-- used_suppression:      1 <Readline/AddHistory> ./readline.supp:10 suppressed: 4,016 bytes in 1 blocks
==24391== 
==24391== ERROR SUMMARY: 0 errors from 0 contexts (suppressed: 0 from 0)
